2025-07-12 18:33:37,477 [INFO] WebApp:194 - Connection lost
2025-07-12 18:33:37,573 [INFO] WebApp:191 - Connection restablished
2025-07-12 18:33:38,344 [INFO] WebApp:194 - Connection lost
2025-07-12 18:33:44,613 [INFO] WebApp:191 - Connection restablished
2025-07-12 23:11:51,323 [INFO] UtilMem:75 - End SaveConfig() Used Memory: 744786536 Bytes (898629632)
2025-07-12 23:11:51,495 [INFO] BlockDiagram:2775 - set Specific Code input for plugin: TIM1_8G4
2025-07-12 23:11:51,495 [INFO] BlockDiagram:2775 - set Specific Code input for plugin: SYS
2025-07-12 23:11:51,496 [INFO] BlockDiagram:2775 - set Specific Code input for plugin: RCC
2025-07-12 23:11:51,496 [INFO] BlockDiagram:2775 - set Specific Code input for plugin: NVIC
2025-07-12 23:11:51,496 [INFO] BlockDiagram:2775 - set Specific Code input for plugin: USART
2025-07-12 23:11:51,496 [INFO] BlockDiagram:2775 - set Specific Code input for plugin: GPIO
2025-07-12 23:11:51,496 [INFO] CodeGenerator:892 - code generatio: config db path: /home/antonio/st/stm32cubeide_1.14.0/plugins/com.st.stm32cube.common.mx_6.15.0.202507011659//db/
2025-07-12 23:11:51,560 [INFO] CodeEngine:265 - oldGeneratedFile, /home/antonio/projects/STM32G4-Adventures/nucleo-pwm1/MXTmpFiles/license.tmp_save
2025-07-12 23:11:51,661 [INFO] CodeEngine:289 - Generated code: /home/antonio/projects/STM32G4-Adventures/nucleo-pwm1/MXTmpFiles/license.tmp
2025-07-12 23:11:51,683 [INFO] CodeEngine:265 - oldGeneratedFile, /home/antonio/projects/STM32G4-Adventures/nucleo-pwm1/MXTmpFiles/gpio.tmp_save
2025-07-12 23:11:51,736 [INFO] CodeEngine:289 - Generated code: /home/antonio/projects/STM32G4-Adventures/nucleo-pwm1/MXTmpFiles/gpio.tmp
2025-07-12 23:11:51,825 [INFO] CodeEngine:265 - oldGeneratedFile, /home/antonio/projects/STM32G4-Adventures/nucleo-pwm1/Core/Src/stm32g4xx_it.c_save
2025-07-12 23:11:51,940 [INFO] CodeEngine:289 - Generated code: /home/antonio/projects/STM32G4-Adventures/nucleo-pwm1/Core/Src/stm32g4xx_it.c
2025-07-12 23:11:51,941 [INFO] CodeEngine:265 - oldGeneratedFile, /home/antonio/projects/STM32G4-Adventures/nucleo-pwm1/Core/Inc/stm32g4xx_it.h_save
2025-07-12 23:11:51,974 [INFO] CodeEngine:289 - Generated code: /home/antonio/projects/STM32G4-Adventures/nucleo-pwm1/Core/Inc/stm32g4xx_it.h
2025-07-12 23:11:51,978 [INFO] CodeEngine:265 - oldGeneratedFile, /home/antonio/projects/STM32G4-Adventures/nucleo-pwm1/Core/Src/stm32g4xx_hal_msp.c_save
2025-07-12 23:11:52,037 [INFO] CodeEngine:289 - Generated code: /home/antonio/projects/STM32G4-Adventures/nucleo-pwm1/Core/Src/stm32g4xx_hal_msp.c
2025-07-12 23:11:52,038 [INFO] CodeEngine:265 - oldGeneratedFile, /home/antonio/projects/STM32G4-Adventures/nucleo-pwm1/MXTmpFiles/system.tmp_save
2025-07-12 23:11:52,069 [INFO] CodeEngine:289 - Generated code: /home/antonio/projects/STM32G4-Adventures/nucleo-pwm1/MXTmpFiles/system.tmp
2025-07-12 23:11:52,071 [INFO] CodeEngine:321 - oldGeneratedFile, /home/antonio/projects/STM32G4-Adventures/nucleo-pwm1/Core/Inc/stm32g4xx_hal_conf.h_save
2025-07-12 23:11:52,105 [INFO] CodeEngine:345 - Generated code: /home/antonio/projects/STM32G4-Adventures/nucleo-pwm1/Core/Inc/stm32g4xx_hal_conf.h
2025-07-12 23:11:52,114 [WARN] IPConfigManager:3238 - Warning: the RefConfig RCC_CommonPeriphClockConfig is not available in your config.xml file
2025-07-12 23:11:52,116 [WARN] IPConfigManager:3811 - IP not found : TIM
2025-07-12 23:11:52,116 [WARN] CodeGenerator:4259 - IP not found : null
2025-07-12 23:11:52,118 [INFO] CodeEngine:265 - oldGeneratedFile, /home/antonio/projects/STM32G4-Adventures/nucleo-pwm1/Core/Inc/main.h_save
2025-07-12 23:11:52,162 [INFO] CodeEngine:289 - Generated code: /home/antonio/projects/STM32G4-Adventures/nucleo-pwm1/Core/Inc/main.h
2025-07-12 23:11:52,163 [INFO] CodeEngine:265 - oldGeneratedFile, /home/antonio/projects/STM32G4-Adventures/nucleo-pwm1/Core/Src/main.c_save
2025-07-12 23:11:52,229 [INFO] CodeEngine:289 - Generated code: /home/antonio/projects/STM32G4-Adventures/nucleo-pwm1/Core/Src/main.c
2025-07-12 23:11:52,333 [INFO] ProjectBuilder:3606 - Time for Copy HAL[1] : 15mS.
2025-07-12 23:11:52,336 [INFO] ProjectBuilder:5216 - Project Generator version: 4.7.0-B52
2025-07-12 23:11:52,375 [INFO] ConfigFileManager:1595 - The Die is : DIE468
2025-07-12 23:11:52,817 [INFO] ProjectBuilder:5496 - Time for Generating toolchain IDE Files: 481mS.
2025-07-12 23:11:52,817 [INFO] ProjectBuilder:3463 - Time for Copy CMSIS : 0mS.
2025-07-12 23:11:52,817 [INFO] ProjectBuilder:3463 - Time for Copy CMSIS : 0mS.
2025-07-12 23:14:23,277 [INFO] NvicIntPanel:101 - NVIC parent = com.st.microxplorer.plugins.ip.nvic.MultiNvicIntPanel[,0,0,0x0,invalid,layout=javax.swing.BoxLayout,alignmentX=0.0,alignmentY=0.0,border=,flags=9,maximumSize=,minimumSize=,preferredSize=]
2025-07-12 23:14:44,158 [INFO] NvicIntPanel:101 - NVIC parent = com.st.microxplorer.plugins.ip.nvic.MultiNvicIntPanel[,0,0,0x0,invalid,layout=javax.swing.BoxLayout,alignmentX=0.0,alignmentY=0.0,border=,flags=9,maximumSize=,minimumSize=,preferredSize=]
2025-07-12 23:14:52,045 [INFO] NvicIntPanel:101 - NVIC parent = com.st.microxplorer.plugins.ip.nvic.MultiNvicIntPanel[,0,0,0x0,invalid,layout=javax.swing.BoxLayout,alignmentX=0.0,alignmentY=0.0,border=,flags=9,maximumSize=,minimumSize=,preferredSize=]
2025-07-12 23:15:44,399 [INFO] NvicIntPanel:101 - NVIC parent = com.st.microxplorer.plugins.ip.nvic.MultiNvicIntPanel[,0,0,0x0,invalid,layout=javax.swing.BoxLayout,alignmentX=0.0,alignmentY=0.0,border=,flags=9,maximumSize=,minimumSize=,preferredSize=]
2025-07-12 23:15:46,935 [INFO] UtilMem:75 - End SaveConfig() Used Memory: 542697760 Bytes (898629632)
2025-07-12 23:15:47,140 [INFO] UtilMem:75 - End SaveConfig() Used Memory: 579920160 Bytes (898629632)
2025-07-12 23:15:47,192 [INFO] BlockDiagram:2775 - set Specific Code input for plugin: TIM1_8G4
2025-07-12 23:15:47,192 [INFO] BlockDiagram:2775 - set Specific Code input for plugin: SYS
2025-07-12 23:15:47,192 [INFO] BlockDiagram:2775 - set Specific Code input for plugin: RCC
2025-07-12 23:15:47,192 [INFO] BlockDiagram:2775 - set Specific Code input for plugin: NVIC
2025-07-12 23:15:47,192 [INFO] BlockDiagram:2775 - set Specific Code input for plugin: USART
2025-07-12 23:15:47,192 [INFO] BlockDiagram:2775 - set Specific Code input for plugin: GPIO
2025-07-12 23:15:47,192 [INFO] CodeGenerator:892 - code generatio: config db path: /home/antonio/st/stm32cubeide_1.14.0/plugins/com.st.stm32cube.common.mx_6.15.0.202507011659//db/
2025-07-12 23:15:47,238 [INFO] CodeEngine:265 - oldGeneratedFile, /home/antonio/projects/STM32G4-Adventures/nucleo-pwm1/MXTmpFiles/license.tmp_save
2025-07-12 23:15:47,272 [INFO] CodeEngine:289 - Generated code: /home/antonio/projects/STM32G4-Adventures/nucleo-pwm1/MXTmpFiles/license.tmp
2025-07-12 23:15:47,280 [INFO] CodeEngine:265 - oldGeneratedFile, /home/antonio/projects/STM32G4-Adventures/nucleo-pwm1/MXTmpFiles/gpio.tmp_save
2025-07-12 23:15:47,315 [INFO] CodeEngine:289 - Generated code: /home/antonio/projects/STM32G4-Adventures/nucleo-pwm1/MXTmpFiles/gpio.tmp
2025-07-12 23:15:47,376 [INFO] CodeEngine:265 - oldGeneratedFile, /home/antonio/projects/STM32G4-Adventures/nucleo-pwm1/Core/Src/stm32g4xx_it.c_save
2025-07-12 23:15:47,413 [INFO] CodeEngine:289 - Generated code: /home/antonio/projects/STM32G4-Adventures/nucleo-pwm1/Core/Src/stm32g4xx_it.c
2025-07-12 23:15:47,414 [INFO] CodeEngine:265 - oldGeneratedFile, /home/antonio/projects/STM32G4-Adventures/nucleo-pwm1/Core/Inc/stm32g4xx_it.h_save
2025-07-12 23:15:47,447 [INFO] CodeEngine:289 - Generated code: /home/antonio/projects/STM32G4-Adventures/nucleo-pwm1/Core/Inc/stm32g4xx_it.h
2025-07-12 23:15:47,451 [INFO] CodeEngine:265 - oldGeneratedFile, /home/antonio/projects/STM32G4-Adventures/nucleo-pwm1/Core/Src/stm32g4xx_hal_msp.c_save
2025-07-12 23:15:47,500 [INFO] CodeEngine:289 - Generated code: /home/antonio/projects/STM32G4-Adventures/nucleo-pwm1/Core/Src/stm32g4xx_hal_msp.c
2025-07-12 23:15:47,501 [INFO] CodeEngine:265 - oldGeneratedFile, /home/antonio/projects/STM32G4-Adventures/nucleo-pwm1/MXTmpFiles/system.tmp_save
2025-07-12 23:15:47,531 [INFO] CodeEngine:289 - Generated code: /home/antonio/projects/STM32G4-Adventures/nucleo-pwm1/MXTmpFiles/system.tmp
2025-07-12 23:15:47,533 [INFO] CodeEngine:321 - oldGeneratedFile, /home/antonio/projects/STM32G4-Adventures/nucleo-pwm1/Core/Inc/stm32g4xx_hal_conf.h_save
2025-07-12 23:15:47,564 [INFO] CodeEngine:345 - Generated code: /home/antonio/projects/STM32G4-Adventures/nucleo-pwm1/Core/Inc/stm32g4xx_hal_conf.h
2025-07-12 23:15:47,568 [WARN] IPConfigManager:3238 - Warning: the RefConfig RCC_CommonPeriphClockConfig is not available in your config.xml file
2025-07-12 23:15:47,569 [WARN] IPConfigManager:3811 - IP not found : TIM
2025-07-12 23:15:47,569 [WARN] CodeGenerator:4259 - IP not found : null
2025-07-12 23:15:47,570 [INFO] CodeEngine:265 - oldGeneratedFile, /home/antonio/projects/STM32G4-Adventures/nucleo-pwm1/Core/Inc/main.h_save
2025-07-12 23:15:47,600 [INFO] CodeEngine:289 - Generated code: /home/antonio/projects/STM32G4-Adventures/nucleo-pwm1/Core/Inc/main.h
2025-07-12 23:15:47,601 [INFO] CodeEngine:265 - oldGeneratedFile, /home/antonio/projects/STM32G4-Adventures/nucleo-pwm1/Core/Src/main.c_save
2025-07-12 23:15:47,651 [INFO] CodeEngine:289 - Generated code: /home/antonio/projects/STM32G4-Adventures/nucleo-pwm1/Core/Src/main.c
2025-07-12 23:15:47,771 [INFO] ProjectBuilder:3606 - Time for Copy HAL[1] : 13mS.
2025-07-12 23:15:47,773 [INFO] ProjectBuilder:5216 - Project Generator version: 4.7.0-B52
2025-07-12 23:15:47,812 [INFO] ConfigFileManager:1595 - The Die is : DIE468
2025-07-12 23:15:48,082 [INFO] ProjectBuilder:5496 - Time for Generating toolchain IDE Files: 310mS.
2025-07-12 23:15:48,082 [INFO] ProjectBuilder:3463 - Time for Copy CMSIS : 0mS.
2025-07-12 23:15:48,082 [INFO] ProjectBuilder:3463 - Time for Copy CMSIS : 0mS.
2025-07-12 23:18:12,556 [INFO] UtilMem:75 - End SaveConfig() Used Memory: 805735792 Bytes (898629632)
2025-07-12 23:18:12,625 [INFO] BlockDiagram:2775 - set Specific Code input for plugin: TIM1_8G4
2025-07-12 23:18:12,625 [INFO] BlockDiagram:2775 - set Specific Code input for plugin: SYS
2025-07-12 23:18:12,625 [INFO] BlockDiagram:2775 - set Specific Code input for plugin: RCC
2025-07-12 23:18:12,625 [INFO] BlockDiagram:2775 - set Specific Code input for plugin: NVIC
2025-07-12 23:18:12,625 [INFO] BlockDiagram:2775 - set Specific Code input for plugin: USART
2025-07-12 23:18:12,625 [INFO] BlockDiagram:2775 - set Specific Code input for plugin: GPIO
2025-07-12 23:18:12,625 [INFO] CodeGenerator:892 - code generatio: config db path: /home/antonio/st/stm32cubeide_1.14.0/plugins/com.st.stm32cube.common.mx_6.15.0.202507011659//db/
2025-07-12 23:18:12,692 [INFO] CodeEngine:265 - oldGeneratedFile, /home/antonio/projects/STM32G4-Adventures/nucleo-pwm1/MXTmpFiles/license.tmp_save
2025-07-12 23:18:12,727 [INFO] CodeEngine:289 - Generated code: /home/antonio/projects/STM32G4-Adventures/nucleo-pwm1/MXTmpFiles/license.tmp
2025-07-12 23:18:12,736 [INFO] CodeEngine:265 - oldGeneratedFile, /home/antonio/projects/STM32G4-Adventures/nucleo-pwm1/MXTmpFiles/gpio.tmp_save
2025-07-12 23:18:12,767 [INFO] CodeEngine:289 - Generated code: /home/antonio/projects/STM32G4-Adventures/nucleo-pwm1/MXTmpFiles/gpio.tmp
2025-07-12 23:18:12,822 [INFO] CodeEngine:265 - oldGeneratedFile, /home/antonio/projects/STM32G4-Adventures/nucleo-pwm1/Core/Src/stm32g4xx_it.c_save
2025-07-12 23:18:12,855 [INFO] CodeEngine:289 - Generated code: /home/antonio/projects/STM32G4-Adventures/nucleo-pwm1/Core/Src/stm32g4xx_it.c
2025-07-12 23:18:12,856 [INFO] CodeEngine:265 - oldGeneratedFile, /home/antonio/projects/STM32G4-Adventures/nucleo-pwm1/Core/Inc/stm32g4xx_it.h_save
2025-07-12 23:18:12,885 [INFO] CodeEngine:289 - Generated code: /home/antonio/projects/STM32G4-Adventures/nucleo-pwm1/Core/Inc/stm32g4xx_it.h
2025-07-12 23:18:12,889 [INFO] CodeEngine:265 - oldGeneratedFile, /home/antonio/projects/STM32G4-Adventures/nucleo-pwm1/Core/Src/stm32g4xx_hal_msp.c_save
2025-07-12 23:18:12,934 [INFO] CodeEngine:289 - Generated code: /home/antonio/projects/STM32G4-Adventures/nucleo-pwm1/Core/Src/stm32g4xx_hal_msp.c
2025-07-12 23:18:12,935 [INFO] CodeEngine:265 - oldGeneratedFile, /home/antonio/projects/STM32G4-Adventures/nucleo-pwm1/MXTmpFiles/system.tmp_save
2025-07-12 23:18:12,964 [INFO] CodeEngine:289 - Generated code: /home/antonio/projects/STM32G4-Adventures/nucleo-pwm1/MXTmpFiles/system.tmp
2025-07-12 23:18:12,966 [INFO] CodeEngine:321 - oldGeneratedFile, /home/antonio/projects/STM32G4-Adventures/nucleo-pwm1/Core/Inc/stm32g4xx_hal_conf.h_save
2025-07-12 23:18:12,997 [INFO] CodeEngine:345 - Generated code: /home/antonio/projects/STM32G4-Adventures/nucleo-pwm1/Core/Inc/stm32g4xx_hal_conf.h
2025-07-12 23:18:13,002 [WARN] IPConfigManager:3238 - Warning: the RefConfig RCC_CommonPeriphClockConfig is not available in your config.xml file
2025-07-12 23:18:13,003 [WARN] IPConfigManager:3811 - IP not found : TIM
2025-07-12 23:18:13,003 [WARN] CodeGenerator:4259 - IP not found : null
2025-07-12 23:18:13,004 [INFO] CodeEngine:265 - oldGeneratedFile, /home/antonio/projects/STM32G4-Adventures/nucleo-pwm1/Core/Inc/main.h_save
2025-07-12 23:18:13,036 [INFO] CodeEngine:289 - Generated code: /home/antonio/projects/STM32G4-Adventures/nucleo-pwm1/Core/Inc/main.h
2025-07-12 23:18:13,037 [INFO] CodeEngine:265 - oldGeneratedFile, /home/antonio/projects/STM32G4-Adventures/nucleo-pwm1/Core/Src/main.c_save
2025-07-12 23:18:13,085 [INFO] CodeEngine:289 - Generated code: /home/antonio/projects/STM32G4-Adventures/nucleo-pwm1/Core/Src/main.c
2025-07-12 23:18:13,177 [INFO] ProjectBuilder:3606 - Time for Copy HAL[1] : 12mS.
2025-07-12 23:18:13,178 [INFO] ProjectBuilder:5216 - Project Generator version: 4.7.0-B52
2025-07-12 23:18:13,222 [INFO] ConfigFileManager:1595 - The Die is : DIE468
2025-07-12 23:18:13,439 [INFO] ProjectBuilder:5496 - Time for Generating toolchain IDE Files: 260mS.
2025-07-12 23:18:13,439 [INFO] ProjectBuilder:3463 - Time for Copy CMSIS : 0mS.
2025-07-12 23:18:13,439 [INFO] ProjectBuilder:3463 - Time for Copy CMSIS : 0mS.
2025-07-12 23:18:55,894 [INFO] UtilMem:75 - End SaveConfig() Used Memory: 473340336 Bytes (898629632)
2025-07-12 23:18:55,950 [INFO] BlockDiagram:2775 - set Specific Code input for plugin: TIM1_8G4
2025-07-12 23:18:55,950 [INFO] BlockDiagram:2775 - set Specific Code input for plugin: SYS
2025-07-12 23:18:55,950 [INFO] BlockDiagram:2775 - set Specific Code input for plugin: RCC
2025-07-12 23:18:55,950 [INFO] BlockDiagram:2775 - set Specific Code input for plugin: NVIC
2025-07-12 23:18:55,950 [INFO] BlockDiagram:2775 - set Specific Code input for plugin: USART
2025-07-12 23:18:55,950 [INFO] BlockDiagram:2775 - set Specific Code input for plugin: GPIO
2025-07-12 23:18:55,951 [INFO] CodeGenerator:892 - code generatio: config db path: /home/antonio/st/stm32cubeide_1.14.0/plugins/com.st.stm32cube.common.mx_6.15.0.202507011659//db/
2025-07-12 23:18:56,001 [INFO] CodeEngine:265 - oldGeneratedFile, /home/antonio/projects/STM32G4-Adventures/nucleo-pwm1/MXTmpFiles/license.tmp_save
2025-07-12 23:18:56,036 [INFO] CodeEngine:289 - Generated code: /home/antonio/projects/STM32G4-Adventures/nucleo-pwm1/MXTmpFiles/license.tmp
2025-07-12 23:18:56,044 [INFO] CodeEngine:265 - oldGeneratedFile, /home/antonio/projects/STM32G4-Adventures/nucleo-pwm1/MXTmpFiles/gpio.tmp_save
2025-07-12 23:18:56,079 [INFO] CodeEngine:289 - Generated code: /home/antonio/projects/STM32G4-Adventures/nucleo-pwm1/MXTmpFiles/gpio.tmp
2025-07-12 23:18:56,137 [INFO] CodeEngine:265 - oldGeneratedFile, /home/antonio/projects/STM32G4-Adventures/nucleo-pwm1/Core/Src/stm32g4xx_it.c_save
2025-07-12 23:18:56,175 [INFO] CodeEngine:289 - Generated code: /home/antonio/projects/STM32G4-Adventures/nucleo-pwm1/Core/Src/stm32g4xx_it.c
2025-07-12 23:18:56,176 [INFO] CodeEngine:265 - oldGeneratedFile, /home/antonio/projects/STM32G4-Adventures/nucleo-pwm1/Core/Inc/stm32g4xx_it.h_save
2025-07-12 23:18:56,211 [INFO] CodeEngine:289 - Generated code: /home/antonio/projects/STM32G4-Adventures/nucleo-pwm1/Core/Inc/stm32g4xx_it.h
2025-07-12 23:18:56,215 [INFO] CodeEngine:265 - oldGeneratedFile, /home/antonio/projects/STM32G4-Adventures/nucleo-pwm1/Core/Src/stm32g4xx_hal_msp.c_save
2025-07-12 23:18:56,269 [INFO] CodeEngine:289 - Generated code: /home/antonio/projects/STM32G4-Adventures/nucleo-pwm1/Core/Src/stm32g4xx_hal_msp.c
2025-07-12 23:18:56,270 [INFO] CodeEngine:265 - oldGeneratedFile, /home/antonio/projects/STM32G4-Adventures/nucleo-pwm1/MXTmpFiles/system.tmp_save
2025-07-12 23:18:56,300 [INFO] CodeEngine:289 - Generated code: /home/antonio/projects/STM32G4-Adventures/nucleo-pwm1/MXTmpFiles/system.tmp
2025-07-12 23:18:56,302 [INFO] CodeEngine:321 - oldGeneratedFile, /home/antonio/projects/STM32G4-Adventures/nucleo-pwm1/Core/Inc/stm32g4xx_hal_conf.h_save
2025-07-12 23:18:56,334 [INFO] CodeEngine:345 - Generated code: /home/antonio/projects/STM32G4-Adventures/nucleo-pwm1/Core/Inc/stm32g4xx_hal_conf.h
2025-07-12 23:18:56,339 [WARN] IPConfigManager:3238 - Warning: the RefConfig RCC_CommonPeriphClockConfig is not available in your config.xml file
2025-07-12 23:18:56,340 [WARN] IPConfigManager:3811 - IP not found : TIM
2025-07-12 23:18:56,340 [WARN] CodeGenerator:4259 - IP not found : null
2025-07-12 23:18:56,341 [INFO] CodeEngine:265 - oldGeneratedFile, /home/antonio/projects/STM32G4-Adventures/nucleo-pwm1/Core/Inc/main.h_save
2025-07-12 23:18:56,373 [INFO] CodeEngine:289 - Generated code: /home/antonio/projects/STM32G4-Adventures/nucleo-pwm1/Core/Inc/main.h
2025-07-12 23:18:56,374 [INFO] CodeEngine:265 - oldGeneratedFile, /home/antonio/projects/STM32G4-Adventures/nucleo-pwm1/Core/Src/main.c_save
2025-07-12 23:18:56,423 [INFO] CodeEngine:289 - Generated code: /home/antonio/projects/STM32G4-Adventures/nucleo-pwm1/Core/Src/main.c
2025-07-12 23:18:56,513 [INFO] ProjectBuilder:3606 - Time for Copy HAL[1] : 12mS.
2025-07-12 23:18:56,514 [INFO] ProjectBuilder:5216 - Project Generator version: 4.7.0-B52
2025-07-12 23:18:56,554 [INFO] ConfigFileManager:1595 - The Die is : DIE468
2025-07-12 23:18:56,760 [INFO] ProjectBuilder:5496 - Time for Generating toolchain IDE Files: 246mS.
2025-07-12 23:18:56,760 [INFO] ProjectBuilder:3463 - Time for Copy CMSIS : 0mS.
2025-07-12 23:18:56,760 [INFO] ProjectBuilder:3463 - Time for Copy CMSIS : 0mS.
2025-07-12 23:19:13,584 [INFO] NvicIntPanel:101 - NVIC parent = com.st.microxplorer.plugins.ip.nvic.MultiNvicIntPanel[,0,0,0x0,invalid,layout=javax.swing.BoxLayout,alignmentX=0.0,alignmentY=0.0,border=,flags=9,maximumSize=,minimumSize=,preferredSize=]
2025-07-12 23:19:47,072 [INFO] NvicIntPanel:101 - NVIC parent = com.st.microxplorer.plugins.ip.nvic.MultiNvicIntPanel[,0,0,0x0,invalid,layout=javax.swing.BoxLayout,alignmentX=0.0,alignmentY=0.0,border=,flags=9,maximumSize=,minimumSize=,preferredSize=]
2025-07-12 23:19:48,852 [INFO] UtilMem:75 - End SaveConfig() Used Memory: 551730432 Bytes (898629632)
2025-07-12 23:19:49,034 [INFO] UtilMem:75 - End SaveConfig() Used Memory: 587904256 Bytes (898629632)
2025-07-12 23:19:49,085 [INFO] BlockDiagram:2775 - set Specific Code input for plugin: TIM1_8G4
2025-07-12 23:19:49,085 [INFO] BlockDiagram:2775 - set Specific Code input for plugin: SYS
2025-07-12 23:19:49,085 [INFO] BlockDiagram:2775 - set Specific Code input for plugin: RCC
2025-07-12 23:19:49,086 [INFO] BlockDiagram:2775 - set Specific Code input for plugin: NVIC
2025-07-12 23:19:49,086 [INFO] BlockDiagram:2775 - set Specific Code input for plugin: USART
2025-07-12 23:19:49,086 [INFO] BlockDiagram:2775 - set Specific Code input for plugin: GPIO
2025-07-12 23:19:49,086 [INFO] CodeGenerator:892 - code generatio: config db path: /home/antonio/st/stm32cubeide_1.14.0/plugins/com.st.stm32cube.common.mx_6.15.0.202507011659//db/
2025-07-12 23:19:49,130 [INFO] CodeEngine:265 - oldGeneratedFile, /home/antonio/projects/STM32G4-Adventures/nucleo-pwm1/MXTmpFiles/license.tmp_save
2025-07-12 23:19:49,163 [INFO] CodeEngine:289 - Generated code: /home/antonio/projects/STM32G4-Adventures/nucleo-pwm1/MXTmpFiles/license.tmp
2025-07-12 23:19:49,171 [INFO] CodeEngine:265 - oldGeneratedFile, /home/antonio/projects/STM32G4-Adventures/nucleo-pwm1/MXTmpFiles/gpio.tmp_save
2025-07-12 23:19:49,206 [INFO] CodeEngine:289 - Generated code: /home/antonio/projects/STM32G4-Adventures/nucleo-pwm1/MXTmpFiles/gpio.tmp
2025-07-12 23:19:49,256 [INFO] CodeEngine:265 - oldGeneratedFile, /home/antonio/projects/STM32G4-Adventures/nucleo-pwm1/Core/Src/stm32g4xx_it.c_save
2025-07-12 23:19:49,292 [INFO] CodeEngine:289 - Generated code: /home/antonio/projects/STM32G4-Adventures/nucleo-pwm1/Core/Src/stm32g4xx_it.c
2025-07-12 23:19:49,293 [INFO] CodeEngine:265 - oldGeneratedFile, /home/antonio/projects/STM32G4-Adventures/nucleo-pwm1/Core/Inc/stm32g4xx_it.h_save
2025-07-12 23:19:49,329 [INFO] CodeEngine:289 - Generated code: /home/antonio/projects/STM32G4-Adventures/nucleo-pwm1/Core/Inc/stm32g4xx_it.h
2025-07-12 23:19:49,332 [INFO] CodeEngine:265 - oldGeneratedFile, /home/antonio/projects/STM32G4-Adventures/nucleo-pwm1/Core/Src/stm32g4xx_hal_msp.c_save
2025-07-12 23:19:49,381 [INFO] CodeEngine:289 - Generated code: /home/antonio/projects/STM32G4-Adventures/nucleo-pwm1/Core/Src/stm32g4xx_hal_msp.c
2025-07-12 23:19:49,382 [INFO] CodeEngine:265 - oldGeneratedFile, /home/antonio/projects/STM32G4-Adventures/nucleo-pwm1/MXTmpFiles/system.tmp_save
2025-07-12 23:19:49,413 [INFO] CodeEngine:289 - Generated code: /home/antonio/projects/STM32G4-Adventures/nucleo-pwm1/MXTmpFiles/system.tmp
2025-07-12 23:19:49,414 [INFO] CodeEngine:321 - oldGeneratedFile, /home/antonio/projects/STM32G4-Adventures/nucleo-pwm1/Core/Inc/stm32g4xx_hal_conf.h_save
2025-07-12 23:19:49,449 [INFO] CodeEngine:345 - Generated code: /home/antonio/projects/STM32G4-Adventures/nucleo-pwm1/Core/Inc/stm32g4xx_hal_conf.h
2025-07-12 23:19:49,452 [WARN] IPConfigManager:3238 - Warning: the RefConfig RCC_CommonPeriphClockConfig is not available in your config.xml file
2025-07-12 23:19:49,453 [WARN] IPConfigManager:3811 - IP not found : TIM
2025-07-12 23:19:49,453 [WARN] CodeGenerator:4259 - IP not found : null
2025-07-12 23:19:49,454 [INFO] CodeEngine:265 - oldGeneratedFile, /home/antonio/projects/STM32G4-Adventures/nucleo-pwm1/Core/Inc/main.h_save
2025-07-12 23:19:49,489 [INFO] CodeEngine:289 - Generated code: /home/antonio/projects/STM32G4-Adventures/nucleo-pwm1/Core/Inc/main.h
2025-07-12 23:19:49,489 [INFO] CodeEngine:265 - oldGeneratedFile, /home/antonio/projects/STM32G4-Adventures/nucleo-pwm1/Core/Src/main.c_save
2025-07-12 23:19:49,537 [INFO] CodeEngine:289 - Generated code: /home/antonio/projects/STM32G4-Adventures/nucleo-pwm1/Core/Src/main.c
2025-07-12 23:19:49,649 [INFO] ProjectBuilder:3606 - Time for Copy HAL[1] : 12mS.
2025-07-12 23:19:49,649 [INFO] ProjectBuilder:5216 - Project Generator version: 4.7.0-B52
2025-07-12 23:19:49,687 [INFO] ConfigFileManager:1595 - The Die is : DIE468
2025-07-12 23:19:49,878 [INFO] ProjectBuilder:5496 - Time for Generating toolchain IDE Files: 229mS.
2025-07-12 23:19:49,878 [INFO] ProjectBuilder:3463 - Time for Copy CMSIS : 0mS.
2025-07-12 23:19:49,879 [INFO] ProjectBuilder:3463 - Time for Copy CMSIS : 0mS.
2025-07-12 23:20:13,480 [INFO] NvicIntPanel:101 - NVIC parent = com.st.microxplorer.plugins.ip.nvic.MultiNvicIntPanel[,0,0,0x0,invalid,layout=javax.swing.BoxLayout,alignmentX=0.0,alignmentY=0.0,border=,flags=9,maximumSize=,minimumSize=,preferredSize=]
2025-07-12 23:20:15,840 [INFO] UtilMem:75 - End SaveConfig() Used Memory: 466958960 Bytes (898629632)
2025-07-12 23:20:16,023 [INFO] UtilMem:75 - End SaveConfig() Used Memory: 503136880 Bytes (898629632)
2025-07-12 23:20:16,070 [INFO] BlockDiagram:2775 - set Specific Code input for plugin: TIM1_8G4
2025-07-12 23:20:16,070 [INFO] BlockDiagram:2775 - set Specific Code input for plugin: SYS
2025-07-12 23:20:16,070 [INFO] BlockDiagram:2775 - set Specific Code input for plugin: RCC
2025-07-12 23:20:16,070 [INFO] BlockDiagram:2775 - set Specific Code input for plugin: NVIC
2025-07-12 23:20:16,070 [INFO] BlockDiagram:2775 - set Specific Code input for plugin: USART
2025-07-12 23:20:16,071 [INFO] BlockDiagram:2775 - set Specific Code input for plugin: GPIO
2025-07-12 23:20:16,071 [INFO] CodeGenerator:892 - code generatio: config db path: /home/antonio/st/stm32cubeide_1.14.0/plugins/com.st.stm32cube.common.mx_6.15.0.202507011659//db/
2025-07-12 23:20:16,113 [INFO] CodeEngine:265 - oldGeneratedFile, /home/antonio/projects/STM32G4-Adventures/nucleo-pwm1/MXTmpFiles/license.tmp_save
2025-07-12 23:20:16,146 [INFO] CodeEngine:289 - Generated code: /home/antonio/projects/STM32G4-Adventures/nucleo-pwm1/MXTmpFiles/license.tmp
2025-07-12 23:20:16,153 [INFO] CodeEngine:265 - oldGeneratedFile, /home/antonio/projects/STM32G4-Adventures/nucleo-pwm1/MXTmpFiles/gpio.tmp_save
2025-07-12 23:20:16,186 [INFO] CodeEngine:289 - Generated code: /home/antonio/projects/STM32G4-Adventures/nucleo-pwm1/MXTmpFiles/gpio.tmp
2025-07-12 23:20:16,234 [INFO] CodeEngine:265 - oldGeneratedFile, /home/antonio/projects/STM32G4-Adventures/nucleo-pwm1/Core/Src/stm32g4xx_it.c_save
2025-07-12 23:20:16,270 [INFO] CodeEngine:289 - Generated code: /home/antonio/projects/STM32G4-Adventures/nucleo-pwm1/Core/Src/stm32g4xx_it.c
2025-07-12 23:20:16,270 [INFO] CodeEngine:265 - oldGeneratedFile, /home/antonio/projects/STM32G4-Adventures/nucleo-pwm1/Core/Inc/stm32g4xx_it.h_save
2025-07-12 23:20:16,303 [INFO] CodeEngine:289 - Generated code: /home/antonio/projects/STM32G4-Adventures/nucleo-pwm1/Core/Inc/stm32g4xx_it.h
2025-07-12 23:20:16,307 [INFO] CodeEngine:265 - oldGeneratedFile, /home/antonio/projects/STM32G4-Adventures/nucleo-pwm1/Core/Src/stm32g4xx_hal_msp.c_save
2025-07-12 23:20:16,354 [INFO] CodeEngine:289 - Generated code: /home/antonio/projects/STM32G4-Adventures/nucleo-pwm1/Core/Src/stm32g4xx_hal_msp.c
2025-07-12 23:20:16,355 [INFO] CodeEngine:265 - oldGeneratedFile, /home/antonio/projects/STM32G4-Adventures/nucleo-pwm1/MXTmpFiles/system.tmp_save
2025-07-12 23:20:16,386 [INFO] CodeEngine:289 - Generated code: /home/antonio/projects/STM32G4-Adventures/nucleo-pwm1/MXTmpFiles/system.tmp
2025-07-12 23:20:16,388 [INFO] CodeEngine:321 - oldGeneratedFile, /home/antonio/projects/STM32G4-Adventures/nucleo-pwm1/Core/Inc/stm32g4xx_hal_conf.h_save
2025-07-12 23:20:16,421 [INFO] CodeEngine:345 - Generated code: /home/antonio/projects/STM32G4-Adventures/nucleo-pwm1/Core/Inc/stm32g4xx_hal_conf.h
2025-07-12 23:20:16,425 [WARN] IPConfigManager:3238 - Warning: the RefConfig RCC_CommonPeriphClockConfig is not available in your config.xml file
2025-07-12 23:20:16,426 [WARN] IPConfigManager:3811 - IP not found : TIM
2025-07-12 23:20:16,426 [WARN] CodeGenerator:4259 - IP not found : null
2025-07-12 23:20:16,427 [INFO] CodeEngine:265 - oldGeneratedFile, /home/antonio/projects/STM32G4-Adventures/nucleo-pwm1/Core/Inc/main.h_save
2025-07-12 23:20:16,460 [INFO] CodeEngine:289 - Generated code: /home/antonio/projects/STM32G4-Adventures/nucleo-pwm1/Core/Inc/main.h
2025-07-12 23:20:16,461 [INFO] CodeEngine:265 - oldGeneratedFile, /home/antonio/projects/STM32G4-Adventures/nucleo-pwm1/Core/Src/main.c_save
2025-07-12 23:20:16,508 [INFO] CodeEngine:289 - Generated code: /home/antonio/projects/STM32G4-Adventures/nucleo-pwm1/Core/Src/main.c
2025-07-12 23:20:16,595 [INFO] ProjectBuilder:3606 - Time for Copy HAL[1] : 12mS.
2025-07-12 23:20:16,595 [INFO] ProjectBuilder:5216 - Project Generator version: 4.7.0-B52
2025-07-12 23:20:16,632 [INFO] ConfigFileManager:1595 - The Die is : DIE468
2025-07-12 23:20:16,842 [INFO] ProjectBuilder:5496 - Time for Generating toolchain IDE Files: 247mS.
2025-07-12 23:20:16,843 [INFO] ProjectBuilder:3463 - Time for Copy CMSIS : 0mS.
2025-07-12 23:20:16,843 [INFO] ProjectBuilder:3463 - Time for Copy CMSIS : 0mS.
2025-07-12 23:20:36,767 [INFO] NvicIntPanel:101 - NVIC parent = com.st.microxplorer.plugins.ip.nvic.MultiNvicIntPanel[,0,0,0x0,invalid,layout=javax.swing.BoxLayout,alignmentX=0.0,alignmentY=0.0,border=,flags=9,maximumSize=,minimumSize=,preferredSize=]
2025-07-12 23:20:38,566 [INFO] UtilMem:75 - End SaveConfig() Used Memory: 467613784 Bytes (898629632)
2025-07-12 23:20:38,752 [INFO] UtilMem:75 - End SaveConfig() Used Memory: 502216792 Bytes (898629632)
2025-07-12 23:20:38,815 [INFO] BlockDiagram:2775 - set Specific Code input for plugin: TIM1_8G4
2025-07-12 23:20:38,815 [INFO] BlockDiagram:2775 - set Specific Code input for plugin: SYS
2025-07-12 23:20:38,815 [INFO] BlockDiagram:2775 - set Specific Code input for plugin: RCC
2025-07-12 23:20:38,815 [INFO] BlockDiagram:2775 - set Specific Code input for plugin: NVIC
2025-07-12 23:20:38,816 [INFO] BlockDiagram:2775 - set Specific Code input for plugin: USART
2025-07-12 23:20:38,816 [INFO] BlockDiagram:2775 - set Specific Code input for plugin: GPIO
2025-07-12 23:20:38,816 [INFO] CodeGenerator:892 - code generatio: config db path: /home/antonio/st/stm32cubeide_1.14.0/plugins/com.st.stm32cube.common.mx_6.15.0.202507011659//db/
2025-07-12 23:20:38,870 [INFO] CodeEngine:265 - oldGeneratedFile, /home/antonio/projects/STM32G4-Adventures/nucleo-pwm1/MXTmpFiles/license.tmp_save
2025-07-12 23:20:38,902 [INFO] CodeEngine:289 - Generated code: /home/antonio/projects/STM32G4-Adventures/nucleo-pwm1/MXTmpFiles/license.tmp
2025-07-12 23:20:38,910 [INFO] CodeEngine:265 - oldGeneratedFile, /home/antonio/projects/STM32G4-Adventures/nucleo-pwm1/MXTmpFiles/gpio.tmp_save
2025-07-12 23:20:38,942 [INFO] CodeEngine:289 - Generated code: /home/antonio/projects/STM32G4-Adventures/nucleo-pwm1/MXTmpFiles/gpio.tmp
2025-07-12 23:20:38,988 [INFO] CodeEngine:265 - oldGeneratedFile, /home/antonio/projects/STM32G4-Adventures/nucleo-pwm1/Core/Src/stm32g4xx_it.c_save
2025-07-12 23:20:39,020 [INFO] CodeEngine:289 - Generated code: /home/antonio/projects/STM32G4-Adventures/nucleo-pwm1/Core/Src/stm32g4xx_it.c
2025-07-12 23:20:39,020 [INFO] CodeEngine:265 - oldGeneratedFile, /home/antonio/projects/STM32G4-Adventures/nucleo-pwm1/Core/Inc/stm32g4xx_it.h_save
2025-07-12 23:20:39,048 [INFO] CodeEngine:289 - Generated code: /home/antonio/projects/STM32G4-Adventures/nucleo-pwm1/Core/Inc/stm32g4xx_it.h
2025-07-12 23:20:39,051 [INFO] CodeEngine:265 - oldGeneratedFile, /home/antonio/projects/STM32G4-Adventures/nucleo-pwm1/Core/Src/stm32g4xx_hal_msp.c_save
2025-07-12 23:20:39,092 [INFO] CodeEngine:289 - Generated code: /home/antonio/projects/STM32G4-Adventures/nucleo-pwm1/Core/Src/stm32g4xx_hal_msp.c
2025-07-12 23:20:39,093 [INFO] CodeEngine:265 - oldGeneratedFile, /home/antonio/projects/STM32G4-Adventures/nucleo-pwm1/MXTmpFiles/system.tmp_save
2025-07-12 23:20:39,120 [INFO] CodeEngine:289 - Generated code: /home/antonio/projects/STM32G4-Adventures/nucleo-pwm1/MXTmpFiles/system.tmp
2025-07-12 23:20:39,121 [INFO] CodeEngine:321 - oldGeneratedFile, /home/antonio/projects/STM32G4-Adventures/nucleo-pwm1/Core/Inc/stm32g4xx_hal_conf.h_save
2025-07-12 23:20:39,151 [INFO] CodeEngine:345 - Generated code: /home/antonio/projects/STM32G4-Adventures/nucleo-pwm1/Core/Inc/stm32g4xx_hal_conf.h
2025-07-12 23:20:39,154 [WARN] IPConfigManager:3238 - Warning: the RefConfig RCC_CommonPeriphClockConfig is not available in your config.xml file
2025-07-12 23:20:39,155 [WARN] IPConfigManager:3811 - IP not found : TIM
2025-07-12 23:20:39,155 [WARN] CodeGenerator:4259 - IP not found : null
2025-07-12 23:20:39,156 [INFO] CodeEngine:265 - oldGeneratedFile, /home/antonio/projects/STM32G4-Adventures/nucleo-pwm1/Core/Inc/main.h_save
2025-07-12 23:20:39,185 [INFO] CodeEngine:289 - Generated code: /home/antonio/projects/STM32G4-Adventures/nucleo-pwm1/Core/Inc/main.h
2025-07-12 23:20:39,186 [INFO] CodeEngine:265 - oldGeneratedFile, /home/antonio/projects/STM32G4-Adventures/nucleo-pwm1/Core/Src/main.c_save
2025-07-12 23:20:39,232 [INFO] CodeEngine:289 - Generated code: /home/antonio/projects/STM32G4-Adventures/nucleo-pwm1/Core/Src/main.c
2025-07-12 23:20:39,323 [INFO] ProjectBuilder:3606 - Time for Copy HAL[1] : 13mS.
2025-07-12 23:20:39,323 [INFO] ProjectBuilder:5216 - Project Generator version: 4.7.0-B52
2025-07-12 23:20:39,362 [INFO] ConfigFileManager:1595 - The Die is : DIE468
2025-07-12 23:20:39,559 [INFO] ProjectBuilder:5496 - Time for Generating toolchain IDE Files: 236mS.
2025-07-12 23:20:39,560 [INFO] ProjectBuilder:3463 - Time for Copy CMSIS : 1mS.
2025-07-12 23:20:39,560 [INFO] ProjectBuilder:3463 - Time for Copy CMSIS : 0mS.
2025-07-12 23:21:49,733 [INFO] NvicIntPanel:101 - NVIC parent = com.st.microxplorer.plugins.ip.nvic.MultiNvicIntPanel[,0,0,0x0,invalid,layout=javax.swing.BoxLayout,alignmentX=0.0,alignmentY=0.0,border=,flags=9,maximumSize=,minimumSize=,preferredSize=]
2025-07-12 23:21:51,064 [INFO] UtilMem:75 - End SaveConfig() Used Memory: 490906048 Bytes (898629632)
2025-07-12 23:21:51,236 [INFO] UtilMem:75 - End SaveConfig() Used Memory: 556440000 Bytes (898629632)
2025-07-12 23:21:51,291 [INFO] BlockDiagram:2775 - set Specific Code input for plugin: TIM1_8G4
2025-07-12 23:21:51,292 [INFO] BlockDiagram:2775 - set Specific Code input for plugin: SYS
2025-07-12 23:21:51,292 [INFO] BlockDiagram:2775 - set Specific Code input for plugin: RCC
2025-07-12 23:21:51,292 [INFO] BlockDiagram:2775 - set Specific Code input for plugin: NVIC
2025-07-12 23:21:51,292 [INFO] BlockDiagram:2775 - set Specific Code input for plugin: USART
2025-07-12 23:21:51,292 [INFO] BlockDiagram:2775 - set Specific Code input for plugin: GPIO
2025-07-12 23:21:51,292 [INFO] CodeGenerator:892 - code generatio: config db path: /home/antonio/st/stm32cubeide_1.14.0/plugins/com.st.stm32cube.common.mx_6.15.0.202507011659//db/
2025-07-12 23:21:51,348 [INFO] CodeEngine:265 - oldGeneratedFile, /home/antonio/projects/STM32G4-Adventures/nucleo-pwm1/MXTmpFiles/license.tmp_save
2025-07-12 23:21:51,380 [INFO] CodeEngine:289 - Generated code: /home/antonio/projects/STM32G4-Adventures/nucleo-pwm1/MXTmpFiles/license.tmp
2025-07-12 23:21:51,387 [INFO] CodeEngine:265 - oldGeneratedFile, /home/antonio/projects/STM32G4-Adventures/nucleo-pwm1/MXTmpFiles/gpio.tmp_save
2025-07-12 23:21:51,421 [INFO] CodeEngine:289 - Generated code: /home/antonio/projects/STM32G4-Adventures/nucleo-pwm1/MXTmpFiles/gpio.tmp
2025-07-12 23:21:51,466 [INFO] CodeEngine:265 - oldGeneratedFile, /home/antonio/projects/STM32G4-Adventures/nucleo-pwm1/Core/Src/stm32g4xx_it.c_save
2025-07-12 23:21:51,501 [INFO] CodeEngine:289 - Generated code: /home/antonio/projects/STM32G4-Adventures/nucleo-pwm1/Core/Src/stm32g4xx_it.c
2025-07-12 23:21:51,502 [INFO] CodeEngine:265 - oldGeneratedFile, /home/antonio/projects/STM32G4-Adventures/nucleo-pwm1/Core/Inc/stm32g4xx_it.h_save
2025-07-12 23:21:51,533 [INFO] CodeEngine:289 - Generated code: /home/antonio/projects/STM32G4-Adventures/nucleo-pwm1/Core/Inc/stm32g4xx_it.h
2025-07-12 23:21:51,536 [INFO] CodeEngine:265 - oldGeneratedFile, /home/antonio/projects/STM32G4-Adventures/nucleo-pwm1/Core/Src/stm32g4xx_hal_msp.c_save
2025-07-12 23:21:51,581 [INFO] CodeEngine:289 - Generated code: /home/antonio/projects/STM32G4-Adventures/nucleo-pwm1/Core/Src/stm32g4xx_hal_msp.c
2025-07-12 23:21:51,582 [INFO] CodeEngine:265 - oldGeneratedFile, /home/antonio/projects/STM32G4-Adventures/nucleo-pwm1/MXTmpFiles/system.tmp_save
2025-07-12 23:21:51,613 [INFO] CodeEngine:289 - Generated code: /home/antonio/projects/STM32G4-Adventures/nucleo-pwm1/MXTmpFiles/system.tmp
2025-07-12 23:21:51,614 [INFO] CodeEngine:321 - oldGeneratedFile, /home/antonio/projects/STM32G4-Adventures/nucleo-pwm1/Core/Inc/stm32g4xx_hal_conf.h_save
2025-07-12 23:21:51,648 [INFO] CodeEngine:345 - Generated code: /home/antonio/projects/STM32G4-Adventures/nucleo-pwm1/Core/Inc/stm32g4xx_hal_conf.h
2025-07-12 23:21:51,651 [WARN] IPConfigManager:3238 - Warning: the RefConfig RCC_CommonPeriphClockConfig is not available in your config.xml file
2025-07-12 23:21:51,652 [WARN] IPConfigManager:3811 - IP not found : TIM
2025-07-12 23:21:51,652 [WARN] CodeGenerator:4259 - IP not found : null
2025-07-12 23:21:51,653 [INFO] CodeEngine:265 - oldGeneratedFile, /home/antonio/projects/STM32G4-Adventures/nucleo-pwm1/Core/Inc/main.h_save
2025-07-12 23:21:51,687 [INFO] CodeEngine:289 - Generated code: /home/antonio/projects/STM32G4-Adventures/nucleo-pwm1/Core/Inc/main.h
2025-07-12 23:21:51,688 [INFO] CodeEngine:265 - oldGeneratedFile, /home/antonio/projects/STM32G4-Adventures/nucleo-pwm1/Core/Src/main.c_save
2025-07-12 23:21:51,734 [INFO] CodeEngine:289 - Generated code: /home/antonio/projects/STM32G4-Adventures/nucleo-pwm1/Core/Src/main.c
2025-07-12 23:21:51,823 [INFO] ProjectBuilder:3606 - Time for Copy HAL[1] : 12mS.
2025-07-12 23:21:51,823 [INFO] ProjectBuilder:5216 - Project Generator version: 4.7.0-B52
2025-07-12 23:21:51,861 [INFO] ConfigFileManager:1595 - The Die is : DIE468
2025-07-12 23:21:52,041 [INFO] ProjectBuilder:5496 - Time for Generating toolchain IDE Files: 218mS.
2025-07-12 23:21:52,041 [INFO] ProjectBuilder:3463 - Time for Copy CMSIS : 0mS.
2025-07-12 23:21:52,042 [INFO] ProjectBuilder:3463 - Time for Copy CMSIS : 0mS.
