2025-07-01 00:52:36,048 [INFO] Activator:176 - 


2025-07-01 00:52:36,050 [INFO] Activator:177 - !SESSION log4j initialized
2025-07-01 00:52:38,272 [INFO] LogOutputStream:77 - [STDOUT_REDIRECT] 
2025-07-01 00:52:38,619 [INFO] ApplicationProperties:184 - Using Application install path: /home/antonio/st/stm32cubeide_1.14.0/plugins/com.st.stm32cube.common.mx_6.14.1.202504091515
2025-07-01 00:52:38,628 [INFO] DbMcusXml:78 - Set database path to: /home/antonio/st/stm32cubeide_1.14.0/plugins/com.st.stm32cube.common.mx_6.14.1.202504091515//db//mcu/
2025-07-01 00:52:38,628 [INFO] ApiDb:274 - Set plugin database path to: /home/antonio/st/stm32cubeide_1.14.0/plugins/com.st.stm32cube.common.mx_6.14.1.202504091515//db//plugins/boardmanager/
2025-07-01 00:52:38,628 [WARN] ApiDb:259 - Overriding images path with different value:  => /home/antonio/st/stm32cubeide_1.14.0/plugins/com.st.stm32cube.common.mx_6.14.1.202504091515//db//plugins/mcufinder/images/
2025-07-01 00:52:38,631 [INFO] ApiDb:250 - Set database path to: /home/antonio/.stmcufinder/plugins/mcufinder//mcu/
2025-07-01 00:52:38,632 [INFO] DbMcusAds:125 - Set database path to: /home/antonio/.stmcufinder/plugins/mcufinder//mcu/
2025-07-01 00:52:38,632 [INFO] CrossReferenceDbSqlite:203 - Set database path to: /home/antonio/.stmcufinder/plugins/mcufinder//mcu/cs/
2025-07-01 00:52:38,684 [INFO] RulesReader:64 - Compatibility file has been processed (302 Rules)
2025-07-01 00:52:38,715 [INFO] DbMcusXml:78 - Set database path to: /home/antonio/st/stm32cubeide_1.14.0/plugins/com.st.stm32cube.common.mx_6.14.1.202504091515//db//mcu/
2025-07-01 00:52:38,715 [INFO] ApiDb:274 - Set plugin database path to: /home/antonio/st/stm32cubeide_1.14.0/plugins/com.st.stm32cube.common.mx_6.14.1.202504091515//db//plugins/boardmanager/
2025-07-01 00:52:38,715 [INFO] ApiDb:261 - Set plugin images path to: /home/antonio/st/stm32cubeide_1.14.0/plugins/com.st.stm32cube.common.mx_6.14.1.202504091515//db//plugins/mcufinder/images/
2025-07-01 00:52:38,715 [WARN] DbFile:41 - Overriding database path with different value: /home/antonio/.stmcufinder/plugins/mcufinder/ => /home/antonio/.stmcufinder/plugins/mcufinder
2025-07-01 00:52:38,715 [INFO] ApiDb:250 - Set database path to: /home/antonio/.stmcufinder/plugins/mcufinder//mcu/
2025-07-01 00:52:38,715 [WARN] DbFile:41 - Overriding database path with different value: /home/antonio/.stmcufinder/plugins/mcufinder/ => /home/antonio/.stmcufinder/plugins/mcufinder
2025-07-01 00:52:38,715 [INFO] DbMcusAds:125 - Set database path to: /home/antonio/.stmcufinder/plugins/mcufinder//mcu/
2025-07-01 00:52:38,715 [WARN] DbFile:41 - Overriding database path with different value: /home/antonio/.stmcufinder/plugins/mcufinder/ => /home/antonio/.stmcufinder/plugins/mcufinder
2025-07-01 00:52:38,715 [WARN] DbFile:41 - Overriding database path with different value: /home/antonio/.stmcufinder/plugins/mcufinder/ => /home/antonio/.stmcufinder/plugins/mcufinder
2025-07-01 00:52:38,715 [INFO] CrossReferenceDbSqlite:203 - Set database path to: /home/antonio/.stmcufinder/plugins/mcufinder//mcu/cs/
2025-07-01 00:52:38,749 [INFO] MainPanel:272 - HeapMemory: 268435456
2025-07-01 00:52:38,811 [INFO] DbMcusXml:78 - Set database path to: /home/antonio/st/stm32cubeide_1.14.0/plugins/com.st.stm32cube.common.mx_6.14.1.202504091515//db//mcu/
2025-07-01 00:52:38,811 [INFO] ApiDb:274 - Set plugin database path to: /home/antonio/st/stm32cubeide_1.14.0/plugins/com.st.stm32cube.common.mx_6.14.1.202504091515//db//plugins/boardmanager/
2025-07-01 00:52:38,811 [INFO] ApiDb:261 - Set plugin images path to: /home/antonio/st/stm32cubeide_1.14.0/plugins/com.st.stm32cube.common.mx_6.14.1.202504091515//db//plugins/mcufinder/images/
2025-07-01 00:52:38,811 [WARN] DbFile:41 - Overriding database path with different value: /home/antonio/.stmcufinder/plugins/mcufinder/ => /home/antonio/.stmcufinder/plugins/mcufinder
2025-07-01 00:52:38,811 [INFO] ApiDb:250 - Set database path to: /home/antonio/.stmcufinder/plugins/mcufinder//mcu/
2025-07-01 00:52:38,811 [WARN] DbFile:41 - Overriding database path with different value: /home/antonio/.stmcufinder/plugins/mcufinder/ => /home/antonio/.stmcufinder/plugins/mcufinder
2025-07-01 00:52:38,811 [INFO] DbMcusAds:125 - Set database path to: /home/antonio/.stmcufinder/plugins/mcufinder//mcu/
2025-07-01 00:52:38,811 [WARN] DbFile:41 - Overriding database path with different value: /home/antonio/.stmcufinder/plugins/mcufinder/ => /home/antonio/.stmcufinder/plugins/mcufinder
2025-07-01 00:52:38,811 [WARN] DbFile:41 - Overriding database path with different value: /home/antonio/.stmcufinder/plugins/mcufinder/ => /home/antonio/.stmcufinder/plugins/mcufinder
2025-07-01 00:52:38,811 [INFO] CrossReferenceDbSqlite:203 - Set database path to: /home/antonio/.stmcufinder/plugins/mcufinder//mcu/cs/
2025-07-01 00:52:38,818 [INFO] ApplicationProperties:184 - Using Application install path: /home/antonio/st/stm32cubeide_1.14.0/plugins/com.st.stm32cube.common.mx_6.14.1.202504091515
2025-07-01 00:52:38,819 [INFO] PluginManage:196 - Search for loadable plugins [exclusion list=, ]
2025-07-01 00:52:38,820 [INFO] PluginManage:310 - Check plugin analytics
2025-07-01 00:52:38,875 [INFO] AnalyticsPlugin:253 - Accepted Software Licenses: 
2025-07-01 00:52:38,875 [INFO] AnalyticsPlugin:255 - Accepted CMSIS Pack Licenses: 
2025-07-01 00:52:38,875 [INFO] AnalyticsPlugin:257 - Accepted Firmware Licenses: FW.G4.1.6.0
2025-07-01 00:52:38,876 [INFO] PluginManage:359 - Loaded plugin analytics (category:tool,tabindex:-1)
2025-07-01 00:52:38,877 [INFO] PluginManage:310 - Check plugin cadmodel
2025-07-01 00:52:38,878 [INFO] CADModel:105 - Init CAD model plugin
2025-07-01 00:52:38,879 [INFO] PluginManage:359 - Loaded plugin cadmodel (category:power,tabindex:5)
2025-07-01 00:52:38,879 [INFO] PluginManage:310 - Check plugin clock
2025-07-01 00:52:38,882 [INFO] PluginManage:359 - Loaded plugin clock (category:base,tabindex:2)
2025-07-01 00:52:38,882 [INFO] PluginManage:310 - Check plugin ddr
2025-07-01 00:52:38,883 [INFO] PluginManage:359 - Loaded plugin ddr (category:tool,tabindex:6)
2025-07-01 00:52:38,883 [INFO] PluginManage:310 - Check plugin filemanager
2025-07-01 00:52:38,946 [INFO] PluginManage:359 - Loaded plugin filemanager (category:base,tabindex:10)
2025-07-01 00:52:38,947 [INFO] PluginManage:310 - Check plugin ipmanager
2025-07-01 00:52:38,949 [INFO] PluginManage:359 - Loaded plugin ipmanager (category:base,tabindex:5)
2025-07-01 00:52:38,949 [INFO] PluginManage:310 - Check plugin lpbam
2025-07-01 00:52:38,953 [INFO] PluginManage:359 - Loaded plugin lpbam (category:base,tabindex:0)
2025-07-01 00:52:38,953 [INFO] PluginManage:310 - Check plugin memorymap
2025-07-01 00:52:38,958 [INFO] PluginManage:359 - Loaded plugin memorymap (category:base,tabindex:4)
2025-07-01 00:52:38,958 [INFO] PluginManage:310 - Check plugin pinoutandconfiguration
2025-07-01 00:52:38,961 [INFO] PluginManage:359 - Loaded plugin pinoutandconfiguration (category:base,tabindex:1)
2025-07-01 00:52:38,962 [INFO] PluginManage:310 - Check plugin pinoutconfig
2025-07-01 00:52:38,997 [WARN] SupportedApi:132 - Cannot load RTOS API schema: s4s-elt-must-match.1: The content of 'definitions' must match (annotation?, (simpleType | complexType)?, (unique | key | keyref)*)). A problem was found starting at: attribute.
2025-07-01 00:52:39,047 [INFO] PluginManage:359 - Loaded plugin pinoutconfig (category:base,tabindex:0)
2025-07-01 00:52:39,047 [INFO] PluginManage:310 - Check plugin power
2025-07-01 00:52:39,051 [INFO] PluginManage:359 - Loaded plugin power (category:power,tabindex:4)
2025-07-01 00:52:39,051 [INFO] PluginManage:310 - Check plugin projectmanager
2025-07-01 00:52:39,058 [INFO] PluginManage:359 - Loaded plugin projectmanager (category:projectmanager,tabindex:4)
2025-07-01 00:52:39,058 [INFO] PluginManage:310 - Check plugin rif
2025-07-01 00:52:39,061 [INFO] PluginManage:359 - Loaded plugin rif (category:base,tabindex:3)
2025-07-01 00:52:39,061 [INFO] PluginManage:310 - Check plugin thirdparty
2025-07-01 00:52:39,112 [INFO] PluginManage:359 - Loaded plugin thirdparty (category:base,tabindex:-1)
2025-07-01 00:52:39,112 [WARN] IntegrityCheckThread:84 - waiting for thirdparty lock release [integrity check]
2025-07-01 00:52:39,112 [INFO] PluginManage:310 - Check plugin tools
2025-07-01 00:52:39,112 [INFO] IntegrityCheckThread:86 - entering critical section [integrity check]
2025-07-01 00:52:39,112 [INFO] ThirdPartyUpdaterWithRetryManager:70 - Updater plugin not ready yet. [1/15]
2025-07-01 00:52:39,113 [INFO] PluginManage:359 - Loaded plugin tools (category:base,tabindex:7)
2025-07-01 00:52:39,113 [INFO] PluginManage:310 - Check plugin tutovideos
2025-07-01 00:52:39,187 [INFO] PluginManage:359 - Loaded plugin tutovideos (category:base,tabindex:-1)
2025-07-01 00:52:39,187 [INFO] PluginManage:310 - Check plugin updater
2025-07-01 00:52:39,198 [INFO] PluginManage:359 - Loaded plugin updater (category:base,tabindex:12)
2025-07-01 00:52:39,198 [INFO] PluginManage:310 - Check plugin userauth
2025-07-01 00:52:39,201 [INFO] UserAuth:118 - Init User Auth plugin
2025-07-01 00:52:39,201 [INFO] PluginManage:359 - Loaded plugin userauth (category:base,tabindex:14)
2025-07-01 00:52:39,201 [INFO] PluginManage:283 - PluginManage : Loaded plugins [18]
2025-07-01 00:52:39,284 [INFO] PinOutPanel:1589 - setPackage(No Configuration,No Configuration)
2025-07-01 00:52:39,316 [INFO] CADModel:165 - CPN selected for project level
2025-07-01 00:52:39,317 [INFO] CADModel:114 - Register for checkConnection events
2025-07-01 00:52:39,328 [INFO] IPUIPlugin:80 - create IPUIPlugin
2025-07-01 00:52:39,328 [INFO] PluginManager:220 - loadIPPluginJar : add mdma
2025-07-01 00:52:39,330 [INFO] IPUIPlugin:80 - create IPUIPlugin
2025-07-01 00:52:39,330 [INFO] PluginManager:220 - loadIPPluginJar : add gpio
2025-07-01 00:52:39,333 [INFO] IPUIPlugin:80 - create IPUIPlugin
2025-07-01 00:52:39,333 [INFO] PluginManager:220 - loadIPPluginJar : add cryp
2025-07-01 00:52:39,335 [INFO] IPUIPlugin:80 - create IPUIPlugin
2025-07-01 00:52:39,335 [INFO] PluginManager:220 - loadIPPluginJar : add gic
2025-07-01 00:52:39,336 [INFO] IPUIPlugin:80 - create IPUIPlugin
2025-07-01 00:52:39,336 [INFO] PluginManager:220 - loadIPPluginJar : add tim
2025-07-01 00:52:39,339 [INFO] IPUIPlugin:80 - create IPUIPlugin
2025-07-01 00:52:39,339 [INFO] PluginManager:220 - loadIPPluginJar : add linkedlist
2025-07-01 00:52:39,340 [INFO] IPUIPlugin:80 - create IPUIPlugin
2025-07-01 00:52:39,340 [INFO] PluginManager:220 - loadIPPluginJar : add tsc
2025-07-01 00:52:39,341 [INFO] IPUIPlugin:80 - create IPUIPlugin
2025-07-01 00:52:39,341 [INFO] PluginManager:220 - loadIPPluginJar : add nvic
2025-07-01 00:52:39,342 [INFO] IPUIPlugin:80 - create IPUIPlugin
2025-07-01 00:52:39,342 [INFO] PluginManager:220 - loadIPPluginJar : add spi
2025-07-01 00:52:39,343 [INFO] IPUIPlugin:80 - create IPUIPlugin
2025-07-01 00:52:39,343 [INFO] PluginManager:220 - loadIPPluginJar : add genericplugin
2025-07-01 00:52:39,345 [INFO] IPUIPlugin:80 - create IPUIPlugin
2025-07-01 00:52:39,345 [INFO] PluginManager:220 - loadIPPluginJar : add freertos
2025-07-01 00:52:39,346 [INFO] IPUIPlugin:80 - create IPUIPlugin
2025-07-01 00:52:39,346 [INFO] PluginManager:220 - loadIPPluginJar : add openamp
2025-07-01 00:52:39,347 [INFO] IPUIPlugin:80 - create IPUIPlugin
2025-07-01 00:52:39,347 [INFO] PluginManager:220 - loadIPPluginJar : add gtzc
2025-07-01 00:52:39,350 [INFO] IPUIPlugin:80 - create IPUIPlugin
2025-07-01 00:52:39,350 [INFO] PluginManager:220 - loadIPPluginJar : add dma
2025-07-01 00:52:39,350 [INFO] IPUIPlugin:80 - create IPUIPlugin
2025-07-01 00:52:39,350 [INFO] PluginManager:220 - loadIPPluginJar : add fatfs
2025-07-01 00:52:39,351 [INFO] IPUIPlugin:80 - create IPUIPlugin
2025-07-01 00:52:39,351 [INFO] PluginManager:220 - loadIPPluginJar : add can
2025-07-01 00:52:39,353 [INFO] IPUIPlugin:80 - create IPUIPlugin
2025-07-01 00:52:39,353 [INFO] PluginManager:220 - loadIPPluginJar : add opamp
2025-07-01 00:52:39,353 [INFO] IPUIPlugin:80 - create IPUIPlugin
2025-07-01 00:52:39,353 [INFO] PluginManager:220 - loadIPPluginJar : add quadspi
2025-07-01 00:52:39,354 [INFO] IPUIPlugin:80 - create IPUIPlugin
2025-07-01 00:52:39,354 [INFO] PluginManager:220 - loadIPPluginJar : add dma3
2025-07-01 00:52:39,355 [INFO] IPUIPlugin:80 - create IPUIPlugin
2025-07-01 00:52:39,355 [INFO] PluginManager:220 - loadIPPluginJar : add ucpd
2025-07-01 00:52:39,357 [INFO] IPUIPlugin:80 - create IPUIPlugin
2025-07-01 00:52:39,358 [INFO] PluginManager:220 - loadIPPluginJar : add plateformsettings
2025-07-01 00:52:39,359 [INFO] IPUIPlugin:80 - create IPUIPlugin
2025-07-01 00:52:39,359 [INFO] PluginManager:220 - loadIPPluginJar : add usbx
2025-07-01 00:52:39,361 [INFO] IPUIPlugin:80 - create IPUIPlugin
2025-07-01 00:52:39,361 [INFO] PluginManager:220 - loadIPPluginJar : add resmgrutility
2025-07-01 00:52:39,362 [INFO] IPUIPlugin:80 - create IPUIPlugin
2025-07-01 00:52:39,362 [INFO] PluginManager:220 - loadIPPluginJar : add dfsdm
2025-07-01 00:52:39,363 [INFO] IPUIPlugin:80 - create IPUIPlugin
2025-07-01 00:52:39,363 [INFO] PluginManager:220 - loadIPPluginJar : add aes
2025-07-01 00:52:39,363 [INFO] IPUIPlugin:80 - create IPUIPlugin
2025-07-01 00:52:39,363 [INFO] PluginManager:220 - loadIPPluginJar : add hash
2025-07-01 00:52:39,364 [INFO] IPUIPlugin:80 - create IPUIPlugin
2025-07-01 00:52:39,364 [INFO] PluginManager:220 - loadIPPluginJar : add ts
2025-07-01 00:52:39,365 [INFO] IPUIPlugin:80 - create IPUIPlugin
2025-07-01 00:52:39,365 [INFO] PluginManager:220 - loadIPPluginJar : add ipddr
2025-07-01 00:52:39,366 [INFO] IPUIPlugin:80 - create IPUIPlugin
2025-07-01 00:52:39,366 [INFO] PluginManager:220 - loadIPPluginJar : add usart
2025-07-01 00:52:39,367 [INFO] IPUIPlugin:80 - create IPUIPlugin
2025-07-01 00:52:39,367 [INFO] PluginManager:220 - loadIPPluginJar : add radio
2025-07-01 00:52:39,368 [INFO] IPUIPlugin:80 - create IPUIPlugin
2025-07-01 00:52:39,368 [INFO] PluginManager:220 - loadIPPluginJar : add gfxmmu
2025-07-01 00:52:39,371 [INFO] IPUIPlugin:80 - create IPUIPlugin
2025-07-01 00:52:39,371 [INFO] PluginManager:220 - loadIPPluginJar : add adc
2025-07-01 00:52:39,371 [INFO] IPUIPlugin:80 - create IPUIPlugin
2025-07-01 00:52:39,371 [INFO] PluginManager:220 - loadIPPluginJar : add comp
2025-07-01 00:52:39,374 [INFO] IPUIPlugin:80 - create IPUIPlugin
2025-07-01 00:52:39,374 [INFO] PluginManager:220 - loadIPPluginJar : add stm32_wpan
2025-07-01 00:52:39,375 [INFO] IPUIPlugin:80 - create IPUIPlugin
2025-07-01 00:52:39,375 [INFO] PluginManager:220 - loadIPPluginJar : add sai
2025-07-01 00:52:39,376 [INFO] IPUIPlugin:80 - create IPUIPlugin
2025-07-01 00:52:39,376 [INFO] PluginManager:220 - loadIPPluginJar : add lorawan
2025-07-01 00:52:39,377 [INFO] IPUIPlugin:80 - create IPUIPlugin
2025-07-01 00:52:39,377 [INFO] PluginManager:220 - loadIPPluginJar : add i3c
2025-07-01 00:52:39,378 [INFO] IPUIPlugin:80 - create IPUIPlugin
2025-07-01 00:52:39,378 [INFO] PluginManager:220 - loadIPPluginJar : add extmemmanager
2025-07-01 00:52:39,379 [INFO] IPUIPlugin:80 - create IPUIPlugin
2025-07-01 00:52:39,379 [INFO] PluginManager:220 - loadIPPluginJar : add ddr_ctrl_phy
2025-07-01 00:52:39,380 [INFO] IPUIPlugin:80 - create IPUIPlugin
2025-07-01 00:52:39,380 [INFO] PluginManager:220 - loadIPPluginJar : add i2s
2025-07-01 00:52:39,381 [INFO] IPUIPlugin:80 - create IPUIPlugin
2025-07-01 00:52:39,381 [INFO] PluginManager:220 - loadIPPluginJar : add pdm2pcm
2025-07-01 00:52:39,381 [INFO] IPUIPlugin:80 - create IPUIPlugin
2025-07-01 00:52:39,381 [INFO] PluginManager:220 - loadIPPluginJar : add ltdc
2025-07-01 00:52:39,382 [INFO] IPUIPlugin:80 - create IPUIPlugin
2025-07-01 00:52:39,382 [INFO] PluginManager:220 - loadIPPluginJar : add tracer_emb
2025-07-01 00:52:39,383 [INFO] IPUIPlugin:80 - create IPUIPlugin
2025-07-01 00:52:39,383 [INFO] PluginManager:220 - loadIPPluginJar : add i2c
2025-07-01 00:52:39,384 [INFO] IPUIPlugin:80 - create IPUIPlugin
2025-07-01 00:52:39,384 [INFO] PluginManager:220 - loadIPPluginJar : add touchsensing
2025-07-01 00:52:39,385 [INFO] IPUIPlugin:80 - create IPUIPlugin
2025-07-01 00:52:39,385 [INFO] PluginManager:220 - loadIPPluginJar : add fmc
2025-07-01 00:52:39,467 [FATAL] Updater:351 - Updater called before beeing initialized
2025-07-01 00:52:39,478 [INFO] RulesReader:64 - Compatibility file has been processed (302 Rules)
2025-07-01 00:52:39,483 [INFO] RulesReader:64 - Compatibility file has been processed (302 Rules)
2025-07-01 00:52:39,486 [INFO] CADModel:165 - CPN selected for project level
2025-07-01 00:52:39,486 [INFO] CADModel:114 - Register for checkConnection events
2025-07-01 00:52:39,486 [FATAL] Updater:351 - Updater called before beeing initialized
2025-07-01 00:52:39,486 [ERROR] CADModel:125 - Updater not yet initialized, retry later 
2025-07-01 00:52:39,548 [FATAL] Updater:351 - Updater called before beeing initialized
2025-07-01 00:52:39,549 [INFO] CADModel:165 - CPN selected for project level
2025-07-01 00:52:39,549 [INFO] CADModel:114 - Register for checkConnection events
2025-07-01 00:52:39,549 [FATAL] Updater:351 - Updater called before beeing initialized
2025-07-01 00:52:39,549 [ERROR] CADModel:125 - Updater not yet initialized, retry later 
2025-07-01 00:52:39,551 [FATAL] Updater:351 - Updater called before beeing initialized
2025-07-01 00:52:39,588 [FATAL] Updater:351 - Updater called before beeing initialized
2025-07-01 00:52:39,590 [INFO] DbMcusAds:53 - JSON generation date=Thu Jun 19 03:32:34 CDT 2025 (1750321954388)
2025-07-01 00:52:39,590 [FATAL] Updater:351 - Updater called before beeing initialized
2025-07-01 00:52:39,607 [WARN] DetailPanel:346 - Failed to get advertising image, set to default
2025-07-01 00:52:39,737 [FATAL] Updater:351 - Updater called before beeing initialized
2025-07-01 00:52:39,738 [FATAL] Updater:351 - Updater called before beeing initialized
2025-07-01 00:52:39,738 [FATAL] Updater:351 - Updater called before beeing initialized
2025-07-01 00:52:39,739 [WARN] DetailPanel:346 - Failed to get advertising image, set to default
2025-07-01 00:52:39,739 [FATAL] Updater:351 - Updater called before beeing initialized
2025-07-01 00:52:39,752 [ERROR] Updater:1198 - MainUpdater not yet initialized. External WinMGr cannot be set.
2025-07-01 00:52:39,753 [INFO] Updater:1134 - Updater Version found : 6.14.1
2025-07-01 00:52:39,763 [INFO] ApplicationProperties:184 - Using Application install path: /home/antonio/st/stm32cubeide_1.14.0/plugins/com.st.stm32cube.common.mx_6.14.1.202504091515
2025-07-01 00:52:39,933 [INFO] MainUpdater:2872 - connection check result : 10
2025-07-01 00:52:39,933 [INFO] MainUpdater:3566 - Updater definition file requires update
2025-07-01 00:52:39,933 [INFO] MainUpdater:289 - Updater Check For Update Now.
2025-07-01 00:52:39,933 [INFO] MicroXplorer:498 - Change Database Version : DB.6.0.141
2025-07-01 00:52:39,935 [INFO] McuFinderGlobals:63 - Set McuFinder mode to 2 (CubeIDE integrated)
2025-07-01 00:52:39,935 [INFO] UserAuth:484 - Internet connection configuration mode: 1
2025-07-01 00:52:39,943 [INFO] JxBrowserEngine:152 - Initiate JxBrowser Engine with user profile folder
2025-07-01 00:52:40,025 [INFO] ServerAccessManage:473 - Download File updaters.zip
2025-07-01 00:52:40,100 [INFO] FileExtend:242 - Unzip File : updaters.zip
2025-07-01 00:52:40,100 [INFO] FileExtend:257 - Standard Zip Deflate
2025-07-01 00:52:40,265 [INFO] ServerAccessManage:473 - Download File PacksControlFlags.xml
2025-07-01 00:52:40,353 [INFO] ServerAccessManage:473 - Download File cubemx.pidx
2025-07-01 00:52:40,373 [INFO] WebApp:169 - Instantiating new browser for Auth
2025-07-01 00:52:40,569 [INFO] ServerAccessManage:473 - Download File STMicroelectronics.FP-SNS-STAIOTCFT.pdsc
2025-07-01 00:52:40,766 [INFO] WebApp:463 - Apply proxy settings
2025-07-01 00:52:40,766 [INFO] WebApp:548 - Chromium requires no authentication
2025-07-01 00:52:40,771 [INFO] WebApp:491 - Direct internet connection detected
2025-07-01 00:52:40,780 [INFO] WebApp:894 - Register for checkConnection events
2025-07-01 00:52:40,780 [INFO] WebApp:463 - Apply proxy settings
2025-07-01 00:52:40,780 [INFO] WebApp:548 - Chromium requires no authentication
2025-07-01 00:52:40,781 [INFO] WebApp:491 - Direct internet connection detected
2025-07-01 00:52:40,844 [INFO] WebApp:225 - Starting web application
2025-07-01 00:52:40,844 [INFO] WebApp:593 - Web application path used /home/antonio/st/stm32cubeide_1.14.0/plugins/com.st.stm32cube.common.mx_6.14.1.202504091515/db/plugins/mcufinder/reactClient1/index.html
2025-07-01 00:52:40,897 [INFO] UserAuth:484 - Internet connection configuration mode: 1
2025-07-01 00:52:41,029 [WARN] PackLoader:240 - Cannot read IP mode file for STMicroelectronics.FP-SNS-STAIOTCFT.1.0.0
2025-07-01 00:52:41,030 [INFO] PopulateThirdPartyThread:66 - Ending populate Thread
2025-07-01 00:52:41,031 [INFO] ThirdParty:1030 - CMSIS Pack Vendor :STMicroelectronics FP-SNS-STAIOTCFT 1.0.0
2025-07-01 00:52:41,031 [INFO] LoadServerUpdatesThread:375 - End of LoadServerUpdate Thread
2025-07-01 00:52:41,055 [INFO] WebApp:191 - Connection restablished
2025-07-01 00:52:41,143 [INFO] CheckServerUpdateThread:120 - End of CheckServer Thread
2025-07-01 00:52:42,157 [WARN] PackLoader:240 - Cannot read IP mode file for STMicroelectronics.FP-SNS-MOTENVWB1.1.4.0
2025-07-01 00:52:42,159 [WARN] PackLoader:240 - Cannot read IP mode file for STMicroelectronics.FP-ATR-ASTRA1.2.0.2
2025-07-01 00:52:42,162 [WARN] PackLoader:240 - Cannot read IP mode file for STMicroelectronics.X-CUBE-SMBUS.2.1.0
2025-07-01 00:52:42,163 [WARN] PackLoader:240 - Cannot read IP mode file for STMicroelectronics.X-CUBE-ST60.1.0.0
2025-07-01 00:52:42,164 [WARN] PackLoader:240 - Cannot read IP mode file for STMicroelectronics.X-CUBE-TOUCHGFX.4.23.2
2025-07-01 00:52:42,174 [WARN] PackLoader:240 - Cannot read IP mode file for STMicroelectronics.X-CUBE-AZRTOS-F7.1.1.0
2025-07-01 00:52:42,177 [WARN] PackLoader:240 - Cannot read IP mode file for STMicroelectronics.FP-SNS-MOTENV1.4.3.2
2025-07-01 00:52:42,180 [WARN] PackLoader:240 - Cannot read IP mode file for STMicroelectronics.FP-SNS-FLIGHT1.5.0.2
2025-07-01 00:52:42,182 [WARN] PackLoader:240 - Cannot read IP mode file for STMicroelectronics.X-CUBE-DISPLAY.3.0.0
2025-07-01 00:52:42,186 [WARN] PackLoader:240 - Cannot read IP mode file for STMicroelectronics.X-CUBE-BLE1.7.0.0
2025-07-01 00:52:42,188 [WARN] PackLoader:240 - Cannot read IP mode file for STMicroelectronics.X-CUBE-NFC10.1.0.0
2025-07-01 00:52:42,192 [WARN] PackLoader:240 - Cannot read IP mode file for STMicroelectronics.X-CUBE-BLEMGR.4.0.0
2025-07-01 00:52:42,196 [WARN] PackLoader:240 - Cannot read IP mode file for emotas.I-CUBE-CANOPEN.1.3.0
2025-07-01 00:52:42,197 [WARN] ConditionMgr:438 - getConditionDescription Invalid condition id : Cortex-A Device cause : null
2025-07-01 00:52:42,201 [WARN] ConditionMgr:1044 - genDependencies : Invalid condition id : Cortex-A Device cause : null
2025-07-01 00:52:42,201 [WARN] ConditionMgr:1044 - genDependencies : Invalid condition id : Cortex-A Device cause : null
2025-07-01 00:52:42,201 [WARN] ConditionMgr:1044 - genDependencies : Invalid condition id : Cortex-A Device cause : null
2025-07-01 00:52:42,204 [WARN] PackLoader:240 - Cannot read IP mode file for STMicroelectronics.X-CUBE-BLEMGR.3.1.0
2025-07-01 00:52:42,207 [WARN] PackLoader:240 - Cannot read IP mode file for STMicroelectronics.FP-SNS-SMARTAG2.1.2.0
2025-07-01 00:52:42,208 [WARN] PackLoader:240 - Cannot read IP mode file for STMicroelectronics.FP-SNS-FLIGHT1.5.1.0
2025-07-01 00:52:42,211 [INFO] LogOutputStream:77 - [STDOUT_REDIRECT] 1 : Invalid condition id : UX_CORESTACK_Condition cause : null
2025-07-01 00:52:42,211 [INFO] LogOutputStream:77 - [STDOUT_REDIRECT] 1 : Invalid condition id : UX_CORESTACK_Condition cause : null
2025-07-01 00:52:42,211 [INFO] LogOutputStream:77 - [STDOUT_REDIRECT] 1 : Invalid condition id : UX_CORESTACK_Condition cause : null
2025-07-01 00:52:42,211 [INFO] LogOutputStream:77 - [STDOUT_REDIRECT] 1 : Invalid condition id : UX_CORESTACK_Condition cause : null
2025-07-01 00:52:42,211 [INFO] LogOutputStream:77 - [STDOUT_REDIRECT] 1 : Invalid condition id : UX_CORESTACK_Condition cause : null
2025-07-01 00:52:42,213 [WARN] PackLoader:240 - Cannot read IP mode file for STMicroelectronics.X-CUBE-AZRTOS-WL.2.0.0
2025-07-01 00:52:42,214 [WARN] PackLoader:240 - Cannot read IP mode file for STMicroelectronics.FP-SNS-MOTENV1.5.0.0
2025-07-01 00:52:42,217 [WARN] PackLoader:240 - Cannot read IP mode file for WES.I-CUBE-Cesium.1.3.0
2025-07-01 00:52:42,219 [WARN] PackLoader:240 - Cannot read IP mode file for STMicroelectronics.X-CUBE-BLE2.3.3.0
2025-07-01 00:52:42,222 [WARN] PackLoader:240 - Cannot read IP mode file for STMicroelectronics.X-CUBE-NFC9.1.0.0
2025-07-01 00:52:42,224 [WARN] PackLoader:240 - Cannot read IP mode file for STMicroelectronics.X-CUBE-BLE1.7.1.0
2025-07-01 00:52:42,225 [WARN] PackLoader:240 - Cannot read IP mode file for wolfSSL.I-CUBE-wolfMQTT.1.19.2
2025-07-01 00:52:42,226 [WARN] PackLoader:240 - Cannot read IP mode file for STMicroelectronics.X-CUBE-AI.10.1.0
2025-07-01 00:52:42,228 [WARN] PackLoader:240 - Cannot read IP mode file for STMicroelectronics.X-CUBE-ALGOBUILD.1.3.0
2025-07-01 00:52:42,233 [WARN] PackLoader:240 - Cannot read IP mode file for STMicroelectronics.X-CUBE-AZRTOS-G0.1.1.0
2025-07-01 00:52:42,236 [WARN] PackLoader:240 - Cannot read IP mode file for STMicroelectronics.X-CUBE-SAFEA1.1.2.2
2025-07-01 00:52:42,238 [WARN] PackLoader:240 - Cannot read IP mode file for STMicroelectronics.X-CUBE-NFC4.3.0.0
2025-07-01 00:52:42,242 [WARN] PackLoader:240 - Cannot read IP mode file for EmbeddedOffice.I-CUBE-FS-RTOS.1.0.1
2025-07-01 00:52:42,244 [WARN] PackLoader:240 - Cannot read IP mode file for STMicroelectronics.X-CUBE-WB05N.2.0.0
2025-07-01 00:52:42,247 [WARN] PackLoader:240 - Cannot read IP mode file for STMicroelectronics.X-CUBE-BLEMGR.3.0.0
2025-07-01 00:52:42,249 [WARN] PackLoader:240 - Cannot read IP mode file for wolfSSL.I-CUBE-wolfTPM.3.8.0
2025-07-01 00:52:42,251 [WARN] PackLoader:240 - Cannot read IP mode file for STMicroelectronics.X-CUBE-TCPP.4.2.0
2025-07-01 00:52:42,252 [WARN] PackLoader:240 - Cannot read IP mode file for RealThread.X-CUBE-RT-Thread_Nano.4.1.1
2025-07-01 00:52:42,254 [WARN] PackLoader:240 - Cannot read IP mode file for wolfSSL.I-CUBE-wolfSSL.5.7.0
2025-07-01 00:52:42,255 [WARN] PackLoader:240 - Cannot read IP mode file for STMicroelectronics.FP-ATR-SIGFOX1.3.2.0
2025-07-01 00:52:42,256 [WARN] PackLoader:240 - Cannot read IP mode file for ITTIA_DB.I-CUBE-ITTIADB.8.9.0
2025-07-01 00:52:42,258 [WARN] PackLoader:240 - Cannot read IP mode file for STMicroelectronics.X-CUBE-ST67W61.1.0.0
2025-07-01 00:52:42,268 [WARN] PackLoader:240 - Cannot read IP mode file for SEGGER.I-CUBE-embOS.1.3.1
2025-07-01 00:52:42,282 [WARN] PackLoader:240 - Cannot read IP mode file for STMicroelectronics.X-CUBE-ALGOBUILD.1.4.0
2025-07-01 00:52:42,302 [WARN] PackLoader:240 - Cannot read IP mode file for STMicroelectronics.X-CUBE-MEMS1.11.3.0
2025-07-01 00:52:42,338 [WARN] PackLoader:240 - Cannot read IP mode file for STMicroelectronics.X-CUBE-PM33A1.1.0.0
2025-07-01 00:52:42,340 [WARN] PackLoader:240 - Cannot read IP mode file for STMicroelectronics.X-CUBE-GNSS1.6.0.0
2025-07-01 00:52:42,344 [WARN] PackLoader:240 - Cannot read IP mode file for STMicroelectronics.X-CUBE-AZRTOS-F4.1.1.0
2025-07-01 00:52:42,346 [WARN] PackLoader:240 - Cannot read IP mode file for Avnet-IotConnect.X-CUBE-IoTC-DA16k-PMOD.1.0.0
2025-07-01 00:52:42,347 [WARN] PackLoader:240 - Cannot read IP mode file for STMicroelectronics.X-CUBE-ISPU.2.1.0
2025-07-01 00:52:42,352 [WARN] PackLoader:240 - Cannot read IP mode file for STMicroelectronics.X-CUBE-AZRTOS-L5.2.0.0
2025-07-01 00:52:42,356 [WARN] PackLoader:240 - Cannot read IP mode file for STMicroelectronics.X-CUBE-NFC6.3.1.0
2025-07-01 00:52:42,358 [WARN] PackLoader:240 - Cannot read IP mode file for STMicroelectronics.X-CUBE-FREERTOS.1.3.1
2025-07-01 00:52:42,360 [WARN] PackLoader:240 - Cannot read IP mode file for STMicroelectronics.X-CUBE-NFC7.1.0.1
2025-07-01 00:52:42,362 [WARN] PackLoader:240 - Cannot read IP mode file for STMicroelectronics.X-CUBE-NFC6.3.0.0
2025-07-01 00:52:42,364 [WARN] PackLoader:240 - Cannot read IP mode file for STMicroelectronics.FP-SNS-STAIOTCFT.1.0.0
2025-07-01 00:52:42,366 [WARN] PackLoader:240 - Cannot read IP mode file for STMicroelectronics.X-CUBE-DPower.1.3.0
2025-07-01 00:52:42,367 [WARN] PackLoader:240 - Cannot read IP mode file for STMicroelectronics.X-CUBE-AI.8.1.0
2025-07-01 00:52:42,372 [WARN] ConditionMgr:438 - getConditionDescription Invalid condition id : LAN8742 Phy interface Condition cause : null
2025-07-01 00:52:42,372 [WARN] PackLoader:240 - Cannot read IP mode file for STMicroelectronics.X-CUBE-AZRTOS-L4.2.0.0
2025-07-01 00:52:42,372 [WARN] ConditionMgr:1044 - genDependencies : Invalid condition id : LAN8742 Phy interface Condition cause : null
2025-07-01 00:52:42,373 [WARN] ConditionMgr:1044 - genDependencies : Invalid condition id : LAN8742 Phy interface Condition cause : null
2025-07-01 00:52:42,373 [WARN] ConditionMgr:1044 - genDependencies : Invalid condition id : LAN8742 Phy interface Condition cause : null
2025-07-01 00:52:42,375 [WARN] PackLoader:240 - Cannot read IP mode file for STMicroelectronics.X-CUBE-SFXS2LP1.4.0.0
2025-07-01 00:52:42,381 [WARN] PackLoader:240 - Cannot read IP mode file for STMicroelectronics.X-CUBE-AZRTOS-H7.3.3.0
2025-07-01 00:52:42,388 [WARN] ConditionMgr:438 - getConditionDescription Invalid condition id : UX DEVICE CLASS RTOS Condition cause : null
2025-07-01 00:52:42,388 [WARN] ConditionMgr:438 - getConditionDescription Invalid condition id : UX DEVICE CLASS RTOS Condition cause : null
2025-07-01 00:52:42,389 [WARN] PackLoader:240 - Cannot read IP mode file for STMicroelectronics.X-CUBE-AZRTOS-WB.2.0.0
2025-07-01 00:52:42,389 [WARN] ConditionMgr:1044 - genDependencies : Invalid condition id : UX DEVICE CLASS RTOS Condition cause : null
2025-07-01 00:52:42,390 [WARN] ConditionMgr:1044 - genDependencies : Invalid condition id : UX DEVICE CLASS RTOS Condition cause : null
2025-07-01 00:52:42,390 [WARN] ConditionMgr:1044 - genDependencies : Invalid condition id : UX DEVICE CLASS RTOS Condition cause : null
2025-07-01 00:52:42,390 [WARN] ConditionMgr:1044 - genDependencies : Invalid condition id : UX DEVICE CLASS RTOS Condition cause : null
2025-07-01 00:52:42,390 [WARN] ConditionMgr:1044 - genDependencies : Invalid condition id : UX DEVICE CLASS RTOS Condition cause : null
2025-07-01 00:52:42,393 [WARN] PackLoader:240 - Cannot read IP mode file for STMicroelectronics.X-CUBE-GNSS1.7.0.1
2025-07-01 00:52:42,395 [WARN] PackLoader:240 - Cannot read IP mode file for STMicroelectronics.X-CUBE-TOUCHGFX.4.25.0
2025-07-01 00:52:42,397 [WARN] PackLoader:240 - Cannot read IP mode file for STMicroelectronics.FP-SNS-STBOX1.2.0.0
2025-07-01 00:52:42,400 [WARN] PackLoader:240 - Cannot read IP mode file for STMicroelectronics.X-CUBE-SUBG2.5.0.0
2025-07-01 00:52:42,406 [WARN] PackLoader:240 - Cannot read IP mode file for STMicroelectronics.X-CUBE-AZRTOS-H7RS.1.1.0
2025-07-01 00:52:42,408 [WARN] PackLoader:240 - Cannot read IP mode file for Cesanta.I-CUBE-Mongoose.7.13.0
2025-07-01 00:52:42,411 [WARN] PackLoader:240 - Cannot read IP mode file for STMicroelectronics.X-CUBE-AZRTOS-G4.2.0.0
2025-07-01 00:52:42,413 [WARN] PackLoader:240 - Cannot read IP mode file for wolfSSL.I-CUBE-wolfSSH.1.4.20
2025-07-01 00:52:42,414 [WARN] PackLoader:240 - Cannot read IP mode file for STMicroelectronics.X-CUBE-NFC7.2.0.0
2025-07-01 00:52:42,415 [WARN] PackLoader:240 - Cannot read IP mode file for STMicroelectronics.FP-SNS-MOTENVWB1.1.3.1
2025-07-01 00:52:42,415 [WARN] PackLoader:240 - Cannot read IP mode file for STMicroelectronics.X-CUBE-ISPU.2.0.0
2025-07-01 00:52:42,419 [WARN] PackLoader:240 - Cannot read IP mode file for STMicroelectronics.X-CUBE-IPS.3.1.0
2025-07-01 00:52:42,422 [WARN] PackLoader:240 - Cannot read IP mode file for STMicroelectronics.X-CUBE-ALS.1.0.2
2025-07-01 00:52:42,432 [WARN] PackLoader:240 - Cannot read IP mode file for STMicroelectronics.X-CUBE-MEMS1.10.0.0
2025-07-01 00:52:42,462 [WARN] PackLoader:240 - Cannot read IP mode file for STMicroelectronics.X-CUBE-FREERTOS.1.1.0
2025-07-01 00:52:42,464 [WARN] PackLoader:240 - Cannot read IP mode file for portGmbH.I-Cube-SoM-uGOAL.1.1.0
2025-07-01 00:52:42,465 [WARN] PackLoader:240 - Cannot read IP mode file for STMicroelectronics.X-CUBE-ALS.1.0.1
2025-07-01 00:52:42,466 [WARN] PackLoader:240 - Cannot read IP mode file for STMicroelectronics.FP-ATR-ASTRA1.2.0.0
2025-07-01 00:52:42,468 [WARN] PackLoader:240 - Cannot read IP mode file for STMicroelectronics.X-CUBE-TOF1.3.4.3
2025-07-01 00:52:42,474 [WARN] PackLoader:240 - Cannot read IP mode file for STMicroelectronics.X-CUBE-TOF1.3.4.1
2025-07-01 00:52:42,481 [WARN] PackLoader:240 - Cannot read IP mode file for STMicroelectronics.X-CUBE-AZRTOS-H7.3.2.0
2025-07-01 00:52:42,486 [WARN] PackLoader:240 - Cannot read IP mode file for Infineon.AIROC-Wi-Fi-Bluetooth-STM32.1.6.0
2025-07-01 00:52:42,487 [INFO] ThirdParty:978 - Integrity check success = true
2025-07-01 00:52:42,487 [INFO] IntegrityCheckThread:100 - exiting critical section [integrity check]
2025-07-01 00:52:42,487 [INFO] IntegrityCheckThread:103 - End integrity checks thread
2025-07-01 00:52:57,605 [ERROR] LogOutputStream:75 - [STDERR_REDIRECT] 
2025-07-01 23:57:55,156 [INFO] Activator:176 - 


2025-07-01 23:57:55,157 [INFO] Activator:177 - !SESSION log4j initialized
2025-07-01 23:57:57,376 [INFO] LogOutputStream:77 - [STDOUT_REDIRECT] 
2025-07-01 23:57:57,704 [INFO] ApplicationProperties:184 - Using Application install path: /home/antonio/st/stm32cubeide_1.14.0/plugins/com.st.stm32cube.common.mx_6.14.1.202504091515
2025-07-01 23:57:57,712 [INFO] DbMcusXml:78 - Set database path to: /home/antonio/st/stm32cubeide_1.14.0/plugins/com.st.stm32cube.common.mx_6.14.1.202504091515//db//mcu/
2025-07-01 23:57:57,712 [INFO] ApiDb:274 - Set plugin database path to: /home/antonio/st/stm32cubeide_1.14.0/plugins/com.st.stm32cube.common.mx_6.14.1.202504091515//db//plugins/boardmanager/
2025-07-01 23:57:57,712 [WARN] ApiDb:259 - Overriding images path with different value:  => /home/antonio/st/stm32cubeide_1.14.0/plugins/com.st.stm32cube.common.mx_6.14.1.202504091515//db//plugins/mcufinder/images/
2025-07-01 23:57:57,714 [INFO] ApiDb:250 - Set database path to: /home/antonio/.stmcufinder/plugins/mcufinder//mcu/
2025-07-01 23:57:57,715 [INFO] DbMcusAds:125 - Set database path to: /home/antonio/.stmcufinder/plugins/mcufinder//mcu/
2025-07-01 23:57:57,716 [INFO] CrossReferenceDbSqlite:203 - Set database path to: /home/antonio/.stmcufinder/plugins/mcufinder//mcu/cs/
2025-07-01 23:57:57,761 [INFO] RulesReader:64 - Compatibility file has been processed (302 Rules)
2025-07-01 23:57:57,788 [INFO] DbMcusXml:78 - Set database path to: /home/antonio/st/stm32cubeide_1.14.0/plugins/com.st.stm32cube.common.mx_6.14.1.202504091515//db//mcu/
2025-07-01 23:57:57,788 [INFO] ApiDb:274 - Set plugin database path to: /home/antonio/st/stm32cubeide_1.14.0/plugins/com.st.stm32cube.common.mx_6.14.1.202504091515//db//plugins/boardmanager/
2025-07-01 23:57:57,788 [INFO] ApiDb:261 - Set plugin images path to: /home/antonio/st/stm32cubeide_1.14.0/plugins/com.st.stm32cube.common.mx_6.14.1.202504091515//db//plugins/mcufinder/images/
2025-07-01 23:57:57,788 [WARN] DbFile:41 - Overriding database path with different value: /home/antonio/.stmcufinder/plugins/mcufinder/ => /home/antonio/.stmcufinder/plugins/mcufinder
2025-07-01 23:57:57,788 [INFO] ApiDb:250 - Set database path to: /home/antonio/.stmcufinder/plugins/mcufinder//mcu/
2025-07-01 23:57:57,788 [WARN] DbFile:41 - Overriding database path with different value: /home/antonio/.stmcufinder/plugins/mcufinder/ => /home/antonio/.stmcufinder/plugins/mcufinder
2025-07-01 23:57:57,788 [INFO] DbMcusAds:125 - Set database path to: /home/antonio/.stmcufinder/plugins/mcufinder//mcu/
2025-07-01 23:57:57,788 [WARN] DbFile:41 - Overriding database path with different value: /home/antonio/.stmcufinder/plugins/mcufinder/ => /home/antonio/.stmcufinder/plugins/mcufinder
2025-07-01 23:57:57,788 [WARN] DbFile:41 - Overriding database path with different value: /home/antonio/.stmcufinder/plugins/mcufinder/ => /home/antonio/.stmcufinder/plugins/mcufinder
2025-07-01 23:57:57,789 [INFO] CrossReferenceDbSqlite:203 - Set database path to: /home/antonio/.stmcufinder/plugins/mcufinder//mcu/cs/
2025-07-01 23:57:57,818 [INFO] MainPanel:272 - HeapMemory: 268435456
2025-07-01 23:57:57,869 [INFO] DbMcusXml:78 - Set database path to: /home/antonio/st/stm32cubeide_1.14.0/plugins/com.st.stm32cube.common.mx_6.14.1.202504091515//db//mcu/
2025-07-01 23:57:57,869 [INFO] ApiDb:274 - Set plugin database path to: /home/antonio/st/stm32cubeide_1.14.0/plugins/com.st.stm32cube.common.mx_6.14.1.202504091515//db//plugins/boardmanager/
2025-07-01 23:57:57,869 [INFO] ApiDb:261 - Set plugin images path to: /home/antonio/st/stm32cubeide_1.14.0/plugins/com.st.stm32cube.common.mx_6.14.1.202504091515//db//plugins/mcufinder/images/
2025-07-01 23:57:57,869 [WARN] DbFile:41 - Overriding database path with different value: /home/antonio/.stmcufinder/plugins/mcufinder/ => /home/antonio/.stmcufinder/plugins/mcufinder
2025-07-01 23:57:57,869 [INFO] ApiDb:250 - Set database path to: /home/antonio/.stmcufinder/plugins/mcufinder//mcu/
2025-07-01 23:57:57,869 [WARN] DbFile:41 - Overriding database path with different value: /home/antonio/.stmcufinder/plugins/mcufinder/ => /home/antonio/.stmcufinder/plugins/mcufinder
2025-07-01 23:57:57,869 [INFO] DbMcusAds:125 - Set database path to: /home/antonio/.stmcufinder/plugins/mcufinder//mcu/
2025-07-01 23:57:57,869 [WARN] DbFile:41 - Overriding database path with different value: /home/antonio/.stmcufinder/plugins/mcufinder/ => /home/antonio/.stmcufinder/plugins/mcufinder
2025-07-01 23:57:57,869 [WARN] DbFile:41 - Overriding database path with different value: /home/antonio/.stmcufinder/plugins/mcufinder/ => /home/antonio/.stmcufinder/plugins/mcufinder
2025-07-01 23:57:57,869 [INFO] CrossReferenceDbSqlite:203 - Set database path to: /home/antonio/.stmcufinder/plugins/mcufinder//mcu/cs/
2025-07-01 23:57:57,876 [INFO] ApplicationProperties:184 - Using Application install path: /home/antonio/st/stm32cubeide_1.14.0/plugins/com.st.stm32cube.common.mx_6.14.1.202504091515
2025-07-01 23:57:57,876 [INFO] PluginManage:196 - Search for loadable plugins [exclusion list=, ]
2025-07-01 23:57:57,877 [INFO] PluginManage:310 - Check plugin analytics
2025-07-01 23:57:57,929 [INFO] AnalyticsPlugin:253 - Accepted Software Licenses: 
2025-07-01 23:57:57,929 [INFO] AnalyticsPlugin:255 - Accepted CMSIS Pack Licenses: 
2025-07-01 23:57:57,929 [INFO] AnalyticsPlugin:257 - Accepted Firmware Licenses: FW.G4.1.6.0
2025-07-01 23:57:57,930 [INFO] PluginManage:359 - Loaded plugin analytics (category:tool,tabindex:-1)
2025-07-01 23:57:57,931 [INFO] PluginManage:310 - Check plugin cadmodel
2025-07-01 23:57:57,932 [INFO] CADModel:105 - Init CAD model plugin
2025-07-01 23:57:57,933 [INFO] PluginManage:359 - Loaded plugin cadmodel (category:power,tabindex:5)
2025-07-01 23:57:57,933 [INFO] PluginManage:310 - Check plugin clock
2025-07-01 23:57:57,936 [INFO] PluginManage:359 - Loaded plugin clock (category:base,tabindex:2)
2025-07-01 23:57:57,936 [INFO] PluginManage:310 - Check plugin ddr
2025-07-01 23:57:57,937 [INFO] PluginManage:359 - Loaded plugin ddr (category:tool,tabindex:6)
2025-07-01 23:57:57,937 [INFO] PluginManage:310 - Check plugin filemanager
2025-07-01 23:57:58,001 [INFO] PluginManage:359 - Loaded plugin filemanager (category:base,tabindex:10)
2025-07-01 23:57:58,001 [INFO] PluginManage:310 - Check plugin ipmanager
2025-07-01 23:57:58,004 [INFO] PluginManage:359 - Loaded plugin ipmanager (category:base,tabindex:5)
2025-07-01 23:57:58,004 [INFO] PluginManage:310 - Check plugin lpbam
2025-07-01 23:57:58,007 [INFO] PluginManage:359 - Loaded plugin lpbam (category:base,tabindex:0)
2025-07-01 23:57:58,008 [INFO] PluginManage:310 - Check plugin memorymap
2025-07-01 23:57:58,012 [INFO] PluginManage:359 - Loaded plugin memorymap (category:base,tabindex:4)
2025-07-01 23:57:58,012 [INFO] PluginManage:310 - Check plugin pinoutandconfiguration
2025-07-01 23:57:58,016 [INFO] PluginManage:359 - Loaded plugin pinoutandconfiguration (category:base,tabindex:1)
2025-07-01 23:57:58,016 [INFO] PluginManage:310 - Check plugin pinoutconfig
2025-07-01 23:57:58,049 [WARN] SupportedApi:132 - Cannot load RTOS API schema: s4s-elt-must-match.1: The content of 'definitions' must match (annotation?, (simpleType | complexType)?, (unique | key | keyref)*)). A problem was found starting at: attribute.
2025-07-01 23:57:58,097 [INFO] PluginManage:359 - Loaded plugin pinoutconfig (category:base,tabindex:0)
2025-07-01 23:57:58,098 [INFO] PluginManage:310 - Check plugin power
2025-07-01 23:57:58,101 [INFO] PluginManage:359 - Loaded plugin power (category:power,tabindex:4)
2025-07-01 23:57:58,102 [INFO] PluginManage:310 - Check plugin projectmanager
2025-07-01 23:57:58,108 [INFO] PluginManage:359 - Loaded plugin projectmanager (category:projectmanager,tabindex:4)
2025-07-01 23:57:58,108 [INFO] PluginManage:310 - Check plugin rif
2025-07-01 23:57:58,111 [INFO] PluginManage:359 - Loaded plugin rif (category:base,tabindex:3)
2025-07-01 23:57:58,111 [INFO] PluginManage:310 - Check plugin thirdparty
2025-07-01 23:57:58,162 [INFO] PluginManage:359 - Loaded plugin thirdparty (category:base,tabindex:-1)
2025-07-01 23:57:58,163 [INFO] PluginManage:310 - Check plugin tools
2025-07-01 23:57:58,162 [WARN] IntegrityCheckThread:84 - waiting for thirdparty lock release [integrity check]
2025-07-01 23:57:58,163 [INFO] IntegrityCheckThread:86 - entering critical section [integrity check]
2025-07-01 23:57:58,163 [INFO] ThirdPartyUpdaterWithRetryManager:70 - Updater plugin not ready yet. [1/15]
2025-07-01 23:57:58,164 [INFO] PluginManage:359 - Loaded plugin tools (category:base,tabindex:7)
2025-07-01 23:57:58,164 [INFO] PluginManage:310 - Check plugin tutovideos
2025-07-01 23:57:58,236 [INFO] PluginManage:359 - Loaded plugin tutovideos (category:base,tabindex:-1)
2025-07-01 23:57:58,236 [INFO] PluginManage:310 - Check plugin updater
2025-07-01 23:57:58,247 [INFO] PluginManage:359 - Loaded plugin updater (category:base,tabindex:12)
2025-07-01 23:57:58,247 [INFO] PluginManage:310 - Check plugin userauth
2025-07-01 23:57:58,249 [INFO] UserAuth:118 - Init User Auth plugin
2025-07-01 23:57:58,249 [INFO] PluginManage:359 - Loaded plugin userauth (category:base,tabindex:14)
2025-07-01 23:57:58,250 [INFO] PluginManage:283 - PluginManage : Loaded plugins [18]
2025-07-01 23:57:58,329 [INFO] PinOutPanel:1589 - setPackage(No Configuration,No Configuration)
2025-07-01 23:57:58,356 [INFO] CADModel:165 - CPN selected for project level
2025-07-01 23:57:58,356 [INFO] CADModel:114 - Register for checkConnection events
2025-07-01 23:57:58,361 [INFO] IPUIPlugin:80 - create IPUIPlugin
2025-07-01 23:57:58,361 [INFO] PluginManager:220 - loadIPPluginJar : add mdma
2025-07-01 23:57:58,363 [INFO] IPUIPlugin:80 - create IPUIPlugin
2025-07-01 23:57:58,363 [INFO] PluginManager:220 - loadIPPluginJar : add gpio
2025-07-01 23:57:58,365 [INFO] IPUIPlugin:80 - create IPUIPlugin
2025-07-01 23:57:58,365 [INFO] PluginManager:220 - loadIPPluginJar : add cryp
2025-07-01 23:57:58,367 [INFO] IPUIPlugin:80 - create IPUIPlugin
2025-07-01 23:57:58,367 [INFO] PluginManager:220 - loadIPPluginJar : add gic
2025-07-01 23:57:58,368 [INFO] IPUIPlugin:80 - create IPUIPlugin
2025-07-01 23:57:58,368 [INFO] PluginManager:220 - loadIPPluginJar : add tim
2025-07-01 23:57:58,370 [INFO] IPUIPlugin:80 - create IPUIPlugin
2025-07-01 23:57:58,370 [INFO] PluginManager:220 - loadIPPluginJar : add linkedlist
2025-07-01 23:57:58,371 [INFO] IPUIPlugin:80 - create IPUIPlugin
2025-07-01 23:57:58,371 [INFO] PluginManager:220 - loadIPPluginJar : add tsc
2025-07-01 23:57:58,372 [INFO] IPUIPlugin:80 - create IPUIPlugin
2025-07-01 23:57:58,372 [INFO] PluginManager:220 - loadIPPluginJar : add nvic
2025-07-01 23:57:58,373 [INFO] IPUIPlugin:80 - create IPUIPlugin
2025-07-01 23:57:58,373 [INFO] PluginManager:220 - loadIPPluginJar : add spi
2025-07-01 23:57:58,373 [INFO] IPUIPlugin:80 - create IPUIPlugin
2025-07-01 23:57:58,373 [INFO] PluginManager:220 - loadIPPluginJar : add genericplugin
2025-07-01 23:57:58,376 [INFO] IPUIPlugin:80 - create IPUIPlugin
2025-07-01 23:57:58,376 [INFO] PluginManager:220 - loadIPPluginJar : add freertos
2025-07-01 23:57:58,376 [INFO] IPUIPlugin:80 - create IPUIPlugin
2025-07-01 23:57:58,377 [INFO] PluginManager:220 - loadIPPluginJar : add openamp
2025-07-01 23:57:58,377 [INFO] IPUIPlugin:80 - create IPUIPlugin
2025-07-01 23:57:58,377 [INFO] PluginManager:220 - loadIPPluginJar : add gtzc
2025-07-01 23:57:58,379 [INFO] IPUIPlugin:80 - create IPUIPlugin
2025-07-01 23:57:58,380 [INFO] PluginManager:220 - loadIPPluginJar : add dma
2025-07-01 23:57:58,380 [INFO] IPUIPlugin:80 - create IPUIPlugin
2025-07-01 23:57:58,380 [INFO] PluginManager:220 - loadIPPluginJar : add fatfs
2025-07-01 23:57:58,381 [INFO] IPUIPlugin:80 - create IPUIPlugin
2025-07-01 23:57:58,381 [INFO] PluginManager:220 - loadIPPluginJar : add can
2025-07-01 23:57:58,382 [INFO] IPUIPlugin:80 - create IPUIPlugin
2025-07-01 23:57:58,382 [INFO] PluginManager:220 - loadIPPluginJar : add opamp
2025-07-01 23:57:58,383 [INFO] IPUIPlugin:80 - create IPUIPlugin
2025-07-01 23:57:58,383 [INFO] PluginManager:220 - loadIPPluginJar : add quadspi
2025-07-01 23:57:58,383 [INFO] IPUIPlugin:80 - create IPUIPlugin
2025-07-01 23:57:58,383 [INFO] PluginManager:220 - loadIPPluginJar : add dma3
2025-07-01 23:57:58,384 [INFO] IPUIPlugin:80 - create IPUIPlugin
2025-07-01 23:57:58,384 [INFO] PluginManager:220 - loadIPPluginJar : add ucpd
2025-07-01 23:57:58,386 [INFO] IPUIPlugin:80 - create IPUIPlugin
2025-07-01 23:57:58,387 [INFO] PluginManager:220 - loadIPPluginJar : add plateformsettings
2025-07-01 23:57:58,388 [INFO] IPUIPlugin:80 - create IPUIPlugin
2025-07-01 23:57:58,388 [INFO] PluginManager:220 - loadIPPluginJar : add usbx
2025-07-01 23:57:58,389 [INFO] IPUIPlugin:80 - create IPUIPlugin
2025-07-01 23:57:58,390 [INFO] PluginManager:220 - loadIPPluginJar : add resmgrutility
2025-07-01 23:57:58,392 [INFO] IPUIPlugin:80 - create IPUIPlugin
2025-07-01 23:57:58,392 [INFO] PluginManager:220 - loadIPPluginJar : add dfsdm
2025-07-01 23:57:58,393 [INFO] IPUIPlugin:80 - create IPUIPlugin
2025-07-01 23:57:58,393 [INFO] PluginManager:220 - loadIPPluginJar : add aes
2025-07-01 23:57:58,393 [INFO] IPUIPlugin:80 - create IPUIPlugin
2025-07-01 23:57:58,393 [INFO] PluginManager:220 - loadIPPluginJar : add hash
2025-07-01 23:57:58,394 [INFO] IPUIPlugin:80 - create IPUIPlugin
2025-07-01 23:57:58,394 [INFO] PluginManager:220 - loadIPPluginJar : add ts
2025-07-01 23:57:58,395 [INFO] IPUIPlugin:80 - create IPUIPlugin
2025-07-01 23:57:58,395 [INFO] PluginManager:220 - loadIPPluginJar : add ipddr
2025-07-01 23:57:58,396 [INFO] IPUIPlugin:80 - create IPUIPlugin
2025-07-01 23:57:58,396 [INFO] PluginManager:220 - loadIPPluginJar : add usart
2025-07-01 23:57:58,397 [INFO] IPUIPlugin:80 - create IPUIPlugin
2025-07-01 23:57:58,397 [INFO] PluginManager:220 - loadIPPluginJar : add radio
2025-07-01 23:57:58,397 [INFO] IPUIPlugin:80 - create IPUIPlugin
2025-07-01 23:57:58,397 [INFO] PluginManager:220 - loadIPPluginJar : add gfxmmu
2025-07-01 23:57:58,400 [INFO] IPUIPlugin:80 - create IPUIPlugin
2025-07-01 23:57:58,400 [INFO] PluginManager:220 - loadIPPluginJar : add adc
2025-07-01 23:57:58,400 [INFO] IPUIPlugin:80 - create IPUIPlugin
2025-07-01 23:57:58,400 [INFO] PluginManager:220 - loadIPPluginJar : add comp
2025-07-01 23:57:58,403 [INFO] IPUIPlugin:80 - create IPUIPlugin
2025-07-01 23:57:58,403 [INFO] PluginManager:220 - loadIPPluginJar : add stm32_wpan
2025-07-01 23:57:58,404 [INFO] IPUIPlugin:80 - create IPUIPlugin
2025-07-01 23:57:58,404 [INFO] PluginManager:220 - loadIPPluginJar : add sai
2025-07-01 23:57:58,405 [INFO] IPUIPlugin:80 - create IPUIPlugin
2025-07-01 23:57:58,405 [INFO] PluginManager:220 - loadIPPluginJar : add lorawan
2025-07-01 23:57:58,406 [INFO] IPUIPlugin:80 - create IPUIPlugin
2025-07-01 23:57:58,406 [INFO] PluginManager:220 - loadIPPluginJar : add i3c
2025-07-01 23:57:58,406 [INFO] IPUIPlugin:80 - create IPUIPlugin
2025-07-01 23:57:58,406 [INFO] PluginManager:220 - loadIPPluginJar : add extmemmanager
2025-07-01 23:57:58,408 [INFO] IPUIPlugin:80 - create IPUIPlugin
2025-07-01 23:57:58,408 [INFO] PluginManager:220 - loadIPPluginJar : add ddr_ctrl_phy
2025-07-01 23:57:58,408 [INFO] IPUIPlugin:80 - create IPUIPlugin
2025-07-01 23:57:58,408 [INFO] PluginManager:220 - loadIPPluginJar : add i2s
2025-07-01 23:57:58,409 [INFO] IPUIPlugin:80 - create IPUIPlugin
2025-07-01 23:57:58,409 [INFO] PluginManager:220 - loadIPPluginJar : add pdm2pcm
2025-07-01 23:57:58,409 [INFO] IPUIPlugin:80 - create IPUIPlugin
2025-07-01 23:57:58,410 [INFO] PluginManager:220 - loadIPPluginJar : add ltdc
2025-07-01 23:57:58,410 [INFO] IPUIPlugin:80 - create IPUIPlugin
2025-07-01 23:57:58,410 [INFO] PluginManager:220 - loadIPPluginJar : add tracer_emb
2025-07-01 23:57:58,411 [INFO] IPUIPlugin:80 - create IPUIPlugin
2025-07-01 23:57:58,411 [INFO] PluginManager:220 - loadIPPluginJar : add i2c
2025-07-01 23:57:58,412 [INFO] IPUIPlugin:80 - create IPUIPlugin
2025-07-01 23:57:58,412 [INFO] PluginManager:220 - loadIPPluginJar : add touchsensing
2025-07-01 23:57:58,414 [INFO] IPUIPlugin:80 - create IPUIPlugin
2025-07-01 23:57:58,414 [INFO] PluginManager:220 - loadIPPluginJar : add fmc
2025-07-01 23:57:58,495 [FATAL] Updater:351 - Updater called before beeing initialized
2025-07-01 23:57:58,505 [INFO] RulesReader:64 - Compatibility file has been processed (302 Rules)
2025-07-01 23:57:58,510 [INFO] RulesReader:64 - Compatibility file has been processed (302 Rules)
2025-07-01 23:57:58,512 [INFO] CADModel:165 - CPN selected for project level
2025-07-01 23:57:58,513 [INFO] CADModel:114 - Register for checkConnection events
2025-07-01 23:57:58,513 [FATAL] Updater:351 - Updater called before beeing initialized
2025-07-01 23:57:58,513 [ERROR] CADModel:125 - Updater not yet initialized, retry later 
2025-07-01 23:57:58,568 [FATAL] Updater:351 - Updater called before beeing initialized
2025-07-01 23:57:58,569 [INFO] CADModel:165 - CPN selected for project level
2025-07-01 23:57:58,569 [INFO] CADModel:114 - Register for checkConnection events
2025-07-01 23:57:58,569 [FATAL] Updater:351 - Updater called before beeing initialized
2025-07-01 23:57:58,569 [ERROR] CADModel:125 - Updater not yet initialized, retry later 
2025-07-01 23:57:58,571 [FATAL] Updater:351 - Updater called before beeing initialized
2025-07-01 23:57:58,606 [FATAL] Updater:351 - Updater called before beeing initialized
2025-07-01 23:57:58,608 [INFO] DbMcusAds:53 - JSON generation date=Thu Jun 19 03:32:34 CDT 2025 (1750321954388)
2025-07-01 23:57:58,608 [FATAL] Updater:351 - Updater called before beeing initialized
2025-07-01 23:57:58,625 [WARN] DetailPanel:346 - Failed to get advertising image, set to default
2025-07-01 23:57:58,755 [FATAL] Updater:351 - Updater called before beeing initialized
2025-07-01 23:57:58,756 [FATAL] Updater:351 - Updater called before beeing initialized
2025-07-01 23:57:58,756 [FATAL] Updater:351 - Updater called before beeing initialized
2025-07-01 23:57:58,756 [WARN] DetailPanel:346 - Failed to get advertising image, set to default
2025-07-01 23:57:58,757 [FATAL] Updater:351 - Updater called before beeing initialized
2025-07-01 23:57:58,769 [ERROR] Updater:1198 - MainUpdater not yet initialized. External WinMGr cannot be set.
2025-07-01 23:57:58,770 [INFO] Updater:1134 - Updater Version found : 6.14.1
2025-07-01 23:57:58,779 [INFO] ApplicationProperties:184 - Using Application install path: /home/antonio/st/stm32cubeide_1.14.0/plugins/com.st.stm32cube.common.mx_6.14.1.202504091515
2025-07-01 23:57:58,893 [INFO] MainUpdater:2872 - connection check result : 10
2025-07-01 23:57:58,894 [INFO] MainUpdater:289 - Updater Check For Update Now.
2025-07-01 23:57:58,894 [INFO] MicroXplorer:498 - Change Database Version : DB.6.0.141
2025-07-01 23:57:58,895 [INFO] McuFinderGlobals:63 - Set McuFinder mode to 2 (CubeIDE integrated)
2025-07-01 23:57:58,896 [INFO] UserAuth:484 - Internet connection configuration mode: 1
2025-07-01 23:57:58,904 [INFO] JxBrowserEngine:152 - Initiate JxBrowser Engine with user profile folder
2025-07-01 23:57:59,035 [INFO] CheckServerUpdateThread:120 - End of CheckServer Thread
2025-07-01 23:57:59,324 [INFO] WebApp:169 - Instantiating new browser for Auth
2025-07-01 23:57:59,680 [INFO] WebApp:463 - Apply proxy settings
2025-07-01 23:57:59,680 [INFO] WebApp:548 - Chromium requires no authentication
2025-07-01 23:57:59,683 [INFO] WebApp:491 - Direct internet connection detected
2025-07-01 23:57:59,691 [INFO] WebApp:894 - Register for checkConnection events
2025-07-01 23:57:59,692 [INFO] WebApp:463 - Apply proxy settings
2025-07-01 23:57:59,692 [INFO] WebApp:548 - Chromium requires no authentication
2025-07-01 23:57:59,692 [INFO] WebApp:491 - Direct internet connection detected
2025-07-01 23:57:59,749 [INFO] WebApp:225 - Starting web application
2025-07-01 23:57:59,750 [INFO] WebApp:593 - Web application path used /home/antonio/st/stm32cubeide_1.14.0/plugins/com.st.stm32cube.common.mx_6.14.1.202504091515/db/plugins/mcufinder/reactClient1/index.html
2025-07-01 23:57:59,796 [INFO] UserAuth:484 - Internet connection configuration mode: 1
2025-07-01 23:57:59,881 [INFO] WebApp:191 - Connection restablished
2025-07-01 23:58:01,221 [WARN] PackLoader:240 - Cannot read IP mode file for STMicroelectronics.FP-SNS-MOTENVWB1.1.4.0
2025-07-01 23:58:01,224 [WARN] PackLoader:240 - Cannot read IP mode file for STMicroelectronics.FP-ATR-ASTRA1.2.0.2
2025-07-01 23:58:01,226 [WARN] PackLoader:240 - Cannot read IP mode file for STMicroelectronics.X-CUBE-SMBUS.2.1.0
2025-07-01 23:58:01,228 [WARN] PackLoader:240 - Cannot read IP mode file for STMicroelectronics.X-CUBE-ST60.1.0.0
2025-07-01 23:58:01,229 [WARN] PackLoader:240 - Cannot read IP mode file for STMicroelectronics.X-CUBE-TOUCHGFX.4.23.2
2025-07-01 23:58:01,246 [WARN] PackLoader:240 - Cannot read IP mode file for STMicroelectronics.X-CUBE-AZRTOS-F7.1.1.0
2025-07-01 23:58:01,257 [WARN] PackLoader:240 - Cannot read IP mode file for STMicroelectronics.FP-SNS-MOTENV1.4.3.2
2025-07-01 23:58:01,261 [WARN] PackLoader:240 - Cannot read IP mode file for STMicroelectronics.FP-SNS-FLIGHT1.5.0.2
2025-07-01 23:58:01,265 [WARN] PackLoader:240 - Cannot read IP mode file for STMicroelectronics.X-CUBE-DISPLAY.3.0.0
2025-07-01 23:58:01,273 [WARN] PackLoader:240 - Cannot read IP mode file for STMicroelectronics.X-CUBE-BLE1.7.0.0
2025-07-01 23:58:01,277 [WARN] PackLoader:240 - Cannot read IP mode file for STMicroelectronics.X-CUBE-NFC10.1.0.0
2025-07-01 23:58:01,295 [WARN] PackLoader:240 - Cannot read IP mode file for STMicroelectronics.X-CUBE-BLEMGR.4.0.0
2025-07-01 23:58:01,301 [WARN] PackLoader:240 - Cannot read IP mode file for emotas.I-CUBE-CANOPEN.1.3.0
2025-07-01 23:58:01,303 [WARN] ConditionMgr:438 - getConditionDescription Invalid condition id : Cortex-A Device cause : null
2025-07-01 23:58:01,310 [WARN] ConditionMgr:1044 - genDependencies : Invalid condition id : Cortex-A Device cause : null
2025-07-01 23:58:01,311 [WARN] ConditionMgr:1044 - genDependencies : Invalid condition id : Cortex-A Device cause : null
2025-07-01 23:58:01,311 [WARN] ConditionMgr:1044 - genDependencies : Invalid condition id : Cortex-A Device cause : null
2025-07-01 23:58:01,314 [WARN] PackLoader:240 - Cannot read IP mode file for STMicroelectronics.X-CUBE-BLEMGR.3.1.0
2025-07-01 23:58:01,317 [WARN] PackLoader:240 - Cannot read IP mode file for STMicroelectronics.FP-SNS-SMARTAG2.1.2.0
2025-07-01 23:58:01,319 [WARN] PackLoader:240 - Cannot read IP mode file for STMicroelectronics.FP-SNS-FLIGHT1.5.1.0
2025-07-01 23:58:01,322 [INFO] LogOutputStream:77 - [STDOUT_REDIRECT] 1 : Invalid condition id : UX_CORESTACK_Condition cause : null
2025-07-01 23:58:01,323 [INFO] LogOutputStream:77 - [STDOUT_REDIRECT] 1 : Invalid condition id : UX_CORESTACK_Condition cause : null
2025-07-01 23:58:01,323 [INFO] LogOutputStream:77 - [STDOUT_REDIRECT] 1 : Invalid condition id : UX_CORESTACK_Condition cause : null
2025-07-01 23:58:01,323 [INFO] LogOutputStream:77 - [STDOUT_REDIRECT] 1 : Invalid condition id : UX_CORESTACK_Condition cause : null
2025-07-01 23:58:01,323 [INFO] LogOutputStream:77 - [STDOUT_REDIRECT] 1 : Invalid condition id : UX_CORESTACK_Condition cause : null
2025-07-01 23:58:01,325 [WARN] PackLoader:240 - Cannot read IP mode file for STMicroelectronics.X-CUBE-AZRTOS-WL.2.0.0
2025-07-01 23:58:01,327 [WARN] PackLoader:240 - Cannot read IP mode file for STMicroelectronics.FP-SNS-MOTENV1.5.0.0
2025-07-01 23:58:01,330 [WARN] PackLoader:240 - Cannot read IP mode file for WES.I-CUBE-Cesium.1.3.0
2025-07-01 23:58:01,332 [WARN] PackLoader:240 - Cannot read IP mode file for STMicroelectronics.X-CUBE-BLE2.3.3.0
2025-07-01 23:58:01,334 [WARN] PackLoader:240 - Cannot read IP mode file for STMicroelectronics.X-CUBE-NFC9.1.0.0
2025-07-01 23:58:01,336 [WARN] PackLoader:240 - Cannot read IP mode file for STMicroelectronics.X-CUBE-BLE1.7.1.0
2025-07-01 23:58:01,337 [WARN] PackLoader:240 - Cannot read IP mode file for wolfSSL.I-CUBE-wolfMQTT.1.19.2
2025-07-01 23:58:01,339 [WARN] PackLoader:240 - Cannot read IP mode file for STMicroelectronics.X-CUBE-AI.10.1.0
2025-07-01 23:58:01,340 [WARN] PackLoader:240 - Cannot read IP mode file for STMicroelectronics.X-CUBE-ALGOBUILD.1.3.0
2025-07-01 23:58:01,345 [WARN] PackLoader:240 - Cannot read IP mode file for STMicroelectronics.X-CUBE-AZRTOS-G0.1.1.0
2025-07-01 23:58:01,348 [WARN] PackLoader:240 - Cannot read IP mode file for STMicroelectronics.X-CUBE-SAFEA1.1.2.2
2025-07-01 23:58:01,351 [WARN] PackLoader:240 - Cannot read IP mode file for STMicroelectronics.X-CUBE-NFC4.3.0.0
2025-07-01 23:58:01,355 [WARN] PackLoader:240 - Cannot read IP mode file for EmbeddedOffice.I-CUBE-FS-RTOS.1.0.1
2025-07-01 23:58:01,357 [WARN] PackLoader:240 - Cannot read IP mode file for STMicroelectronics.X-CUBE-WB05N.2.0.0
2025-07-01 23:58:01,360 [WARN] PackLoader:240 - Cannot read IP mode file for STMicroelectronics.X-CUBE-BLEMGR.3.0.0
2025-07-01 23:58:01,363 [WARN] PackLoader:240 - Cannot read IP mode file for wolfSSL.I-CUBE-wolfTPM.3.8.0
2025-07-01 23:58:01,364 [WARN] PackLoader:240 - Cannot read IP mode file for STMicroelectronics.X-CUBE-TCPP.4.2.0
2025-07-01 23:58:01,366 [WARN] PackLoader:240 - Cannot read IP mode file for RealThread.X-CUBE-RT-Thread_Nano.4.1.1
2025-07-01 23:58:01,367 [WARN] PackLoader:240 - Cannot read IP mode file for wolfSSL.I-CUBE-wolfSSL.5.7.0
2025-07-01 23:58:01,368 [WARN] PackLoader:240 - Cannot read IP mode file for STMicroelectronics.FP-ATR-SIGFOX1.3.2.0
2025-07-01 23:58:01,370 [WARN] PackLoader:240 - Cannot read IP mode file for ITTIA_DB.I-CUBE-ITTIADB.8.9.0
2025-07-01 23:58:01,372 [WARN] PackLoader:240 - Cannot read IP mode file for STMicroelectronics.X-CUBE-ST67W61.1.0.0
2025-07-01 23:58:01,381 [WARN] PackLoader:240 - Cannot read IP mode file for SEGGER.I-CUBE-embOS.1.3.1
2025-07-01 23:58:01,399 [WARN] PackLoader:240 - Cannot read IP mode file for STMicroelectronics.X-CUBE-ALGOBUILD.1.4.0
2025-07-01 23:58:01,413 [WARN] PackLoader:240 - Cannot read IP mode file for STMicroelectronics.X-CUBE-MEMS1.11.3.0
2025-07-01 23:58:01,456 [WARN] PackLoader:240 - Cannot read IP mode file for STMicroelectronics.X-CUBE-PM33A1.1.0.0
2025-07-01 23:58:01,458 [WARN] PackLoader:240 - Cannot read IP mode file for STMicroelectronics.X-CUBE-GNSS1.6.0.0
2025-07-01 23:58:01,463 [WARN] PackLoader:240 - Cannot read IP mode file for STMicroelectronics.X-CUBE-AZRTOS-F4.1.1.0
2025-07-01 23:58:01,465 [WARN] PackLoader:240 - Cannot read IP mode file for Avnet-IotConnect.X-CUBE-IoTC-DA16k-PMOD.1.0.0
2025-07-01 23:58:01,466 [WARN] PackLoader:240 - Cannot read IP mode file for STMicroelectronics.X-CUBE-ISPU.2.1.0
2025-07-01 23:58:01,470 [WARN] PackLoader:240 - Cannot read IP mode file for STMicroelectronics.X-CUBE-AZRTOS-L5.2.0.0
2025-07-01 23:58:01,473 [WARN] PackLoader:240 - Cannot read IP mode file for STMicroelectronics.X-CUBE-NFC6.3.1.0
2025-07-01 23:58:01,476 [WARN] PackLoader:240 - Cannot read IP mode file for STMicroelectronics.X-CUBE-FREERTOS.1.3.1
2025-07-01 23:58:01,477 [WARN] PackLoader:240 - Cannot read IP mode file for STMicroelectronics.X-CUBE-NFC7.1.0.1
2025-07-01 23:58:01,480 [WARN] PackLoader:240 - Cannot read IP mode file for STMicroelectronics.X-CUBE-NFC6.3.0.0
2025-07-01 23:58:01,482 [WARN] PackLoader:240 - Cannot read IP mode file for STMicroelectronics.FP-SNS-STAIOTCFT.1.0.0
2025-07-01 23:58:01,483 [WARN] PackLoader:240 - Cannot read IP mode file for STMicroelectronics.X-CUBE-DPower.1.3.0
2025-07-01 23:58:01,484 [WARN] PackLoader:240 - Cannot read IP mode file for STMicroelectronics.X-CUBE-AI.8.1.0
2025-07-01 23:58:01,489 [WARN] ConditionMgr:438 - getConditionDescription Invalid condition id : LAN8742 Phy interface Condition cause : null
2025-07-01 23:58:01,490 [WARN] PackLoader:240 - Cannot read IP mode file for STMicroelectronics.X-CUBE-AZRTOS-L4.2.0.0
2025-07-01 23:58:01,490 [WARN] ConditionMgr:1044 - genDependencies : Invalid condition id : LAN8742 Phy interface Condition cause : null
2025-07-01 23:58:01,490 [WARN] ConditionMgr:1044 - genDependencies : Invalid condition id : LAN8742 Phy interface Condition cause : null
2025-07-01 23:58:01,490 [WARN] ConditionMgr:1044 - genDependencies : Invalid condition id : LAN8742 Phy interface Condition cause : null
2025-07-01 23:58:01,493 [WARN] PackLoader:240 - Cannot read IP mode file for STMicroelectronics.X-CUBE-SFXS2LP1.4.0.0
2025-07-01 23:58:01,501 [WARN] PackLoader:240 - Cannot read IP mode file for STMicroelectronics.X-CUBE-AZRTOS-H7.3.3.0
2025-07-01 23:58:01,510 [WARN] ConditionMgr:438 - getConditionDescription Invalid condition id : UX DEVICE CLASS RTOS Condition cause : null
2025-07-01 23:58:01,510 [WARN] ConditionMgr:438 - getConditionDescription Invalid condition id : UX DEVICE CLASS RTOS Condition cause : null
2025-07-01 23:58:01,511 [WARN] PackLoader:240 - Cannot read IP mode file for STMicroelectronics.X-CUBE-AZRTOS-WB.2.0.0
2025-07-01 23:58:01,512 [WARN] ConditionMgr:1044 - genDependencies : Invalid condition id : UX DEVICE CLASS RTOS Condition cause : null
2025-07-01 23:58:01,512 [WARN] ConditionMgr:1044 - genDependencies : Invalid condition id : UX DEVICE CLASS RTOS Condition cause : null
2025-07-01 23:58:01,512 [WARN] ConditionMgr:1044 - genDependencies : Invalid condition id : UX DEVICE CLASS RTOS Condition cause : null
2025-07-01 23:58:01,512 [WARN] ConditionMgr:1044 - genDependencies : Invalid condition id : UX DEVICE CLASS RTOS Condition cause : null
2025-07-01 23:58:01,512 [WARN] ConditionMgr:1044 - genDependencies : Invalid condition id : UX DEVICE CLASS RTOS Condition cause : null
2025-07-01 23:58:01,515 [WARN] PackLoader:240 - Cannot read IP mode file for STMicroelectronics.X-CUBE-GNSS1.7.0.1
2025-07-01 23:58:01,517 [WARN] PackLoader:240 - Cannot read IP mode file for STMicroelectronics.X-CUBE-TOUCHGFX.4.25.0
2025-07-01 23:58:01,519 [WARN] PackLoader:240 - Cannot read IP mode file for STMicroelectronics.FP-SNS-STBOX1.2.0.0
2025-07-01 23:58:01,525 [WARN] PackLoader:240 - Cannot read IP mode file for STMicroelectronics.X-CUBE-SUBG2.5.0.0
2025-07-01 23:58:01,547 [WARN] PackLoader:240 - Cannot read IP mode file for STMicroelectronics.X-CUBE-AZRTOS-H7RS.1.1.0
2025-07-01 23:58:01,551 [WARN] PackLoader:240 - Cannot read IP mode file for Cesanta.I-CUBE-Mongoose.7.13.0
2025-07-01 23:58:01,557 [WARN] PackLoader:240 - Cannot read IP mode file for STMicroelectronics.X-CUBE-AZRTOS-G4.2.0.0
2025-07-01 23:58:01,559 [WARN] PackLoader:240 - Cannot read IP mode file for wolfSSL.I-CUBE-wolfSSH.1.4.20
2025-07-01 23:58:01,561 [WARN] PackLoader:240 - Cannot read IP mode file for STMicroelectronics.X-CUBE-NFC7.2.0.0
2025-07-01 23:58:01,562 [WARN] PackLoader:240 - Cannot read IP mode file for STMicroelectronics.FP-SNS-MOTENVWB1.1.3.1
2025-07-01 23:58:01,563 [WARN] PackLoader:240 - Cannot read IP mode file for STMicroelectronics.X-CUBE-ISPU.2.0.0
2025-07-01 23:58:01,568 [WARN] PackLoader:240 - Cannot read IP mode file for STMicroelectronics.X-CUBE-IPS.3.1.0
2025-07-01 23:58:01,572 [WARN] PackLoader:240 - Cannot read IP mode file for STMicroelectronics.X-CUBE-ALS.1.0.2
2025-07-01 23:58:01,582 [WARN] PackLoader:240 - Cannot read IP mode file for STMicroelectronics.X-CUBE-MEMS1.10.0.0
2025-07-01 23:58:01,614 [WARN] PackLoader:240 - Cannot read IP mode file for STMicroelectronics.X-CUBE-FREERTOS.1.1.0
2025-07-01 23:58:01,615 [WARN] PackLoader:240 - Cannot read IP mode file for portGmbH.I-Cube-SoM-uGOAL.1.1.0
2025-07-01 23:58:01,616 [WARN] PackLoader:240 - Cannot read IP mode file for STMicroelectronics.X-CUBE-ALS.1.0.1
2025-07-01 23:58:01,617 [WARN] PackLoader:240 - Cannot read IP mode file for STMicroelectronics.FP-ATR-ASTRA1.2.0.0
2025-07-01 23:58:01,620 [WARN] PackLoader:240 - Cannot read IP mode file for STMicroelectronics.X-CUBE-TOF1.3.4.3
2025-07-01 23:58:01,626 [WARN] PackLoader:240 - Cannot read IP mode file for STMicroelectronics.X-CUBE-TOF1.3.4.1
2025-07-01 23:58:01,637 [WARN] PackLoader:240 - Cannot read IP mode file for STMicroelectronics.X-CUBE-AZRTOS-H7.3.2.0
2025-07-01 23:58:01,644 [WARN] PackLoader:240 - Cannot read IP mode file for Infineon.AIROC-Wi-Fi-Bluetooth-STM32.1.6.0
2025-07-01 23:58:01,646 [INFO] ThirdParty:978 - Integrity check success = true
2025-07-01 23:58:01,646 [INFO] IntegrityCheckThread:100 - exiting critical section [integrity check]
2025-07-01 23:58:01,646 [INFO] IntegrityCheckThread:103 - End integrity checks thread
2025-07-01 23:58:14,619 [ERROR] LogOutputStream:75 - [STDERR_REDIRECT] 
2025-07-01 23:59:50,056 [INFO] Activator:176 - 


2025-07-01 23:59:50,057 [INFO] Activator:177 - !SESSION log4j initialized
2025-07-01 23:59:51,953 [INFO] LogOutputStream:77 - [STDOUT_REDIRECT] 
2025-07-01 23:59:52,274 [INFO] ApplicationProperties:184 - Using Application install path: /home/antonio/st/stm32cubeide_1.14.0/plugins/com.st.stm32cube.common.mx_6.14.1.202504091515
2025-07-01 23:59:52,283 [INFO] DbMcusXml:78 - Set database path to: /home/antonio/st/stm32cubeide_1.14.0/plugins/com.st.stm32cube.common.mx_6.14.1.202504091515//db//mcu/
2025-07-01 23:59:52,283 [INFO] ApiDb:274 - Set plugin database path to: /home/antonio/st/stm32cubeide_1.14.0/plugins/com.st.stm32cube.common.mx_6.14.1.202504091515//db//plugins/boardmanager/
2025-07-01 23:59:52,283 [WARN] ApiDb:259 - Overriding images path with different value:  => /home/antonio/st/stm32cubeide_1.14.0/plugins/com.st.stm32cube.common.mx_6.14.1.202504091515//db//plugins/mcufinder/images/
2025-07-01 23:59:52,285 [INFO] ApiDb:250 - Set database path to: /home/antonio/.stmcufinder/plugins/mcufinder//mcu/
2025-07-01 23:59:52,285 [INFO] DbMcusAds:125 - Set database path to: /home/antonio/.stmcufinder/plugins/mcufinder//mcu/
2025-07-01 23:59:52,286 [INFO] CrossReferenceDbSqlite:203 - Set database path to: /home/antonio/.stmcufinder/plugins/mcufinder//mcu/cs/
2025-07-01 23:59:52,336 [INFO] RulesReader:64 - Compatibility file has been processed (302 Rules)
2025-07-01 23:59:52,363 [INFO] DbMcusXml:78 - Set database path to: /home/antonio/st/stm32cubeide_1.14.0/plugins/com.st.stm32cube.common.mx_6.14.1.202504091515//db//mcu/
2025-07-01 23:59:52,363 [INFO] ApiDb:274 - Set plugin database path to: /home/antonio/st/stm32cubeide_1.14.0/plugins/com.st.stm32cube.common.mx_6.14.1.202504091515//db//plugins/boardmanager/
2025-07-01 23:59:52,363 [INFO] ApiDb:261 - Set plugin images path to: /home/antonio/st/stm32cubeide_1.14.0/plugins/com.st.stm32cube.common.mx_6.14.1.202504091515//db//plugins/mcufinder/images/
2025-07-01 23:59:52,363 [WARN] DbFile:41 - Overriding database path with different value: /home/antonio/.stmcufinder/plugins/mcufinder/ => /home/antonio/.stmcufinder/plugins/mcufinder
2025-07-01 23:59:52,363 [INFO] ApiDb:250 - Set database path to: /home/antonio/.stmcufinder/plugins/mcufinder//mcu/
2025-07-01 23:59:52,363 [WARN] DbFile:41 - Overriding database path with different value: /home/antonio/.stmcufinder/plugins/mcufinder/ => /home/antonio/.stmcufinder/plugins/mcufinder
2025-07-01 23:59:52,363 [INFO] DbMcusAds:125 - Set database path to: /home/antonio/.stmcufinder/plugins/mcufinder//mcu/
2025-07-01 23:59:52,363 [WARN] DbFile:41 - Overriding database path with different value: /home/antonio/.stmcufinder/plugins/mcufinder/ => /home/antonio/.stmcufinder/plugins/mcufinder
2025-07-01 23:59:52,363 [WARN] DbFile:41 - Overriding database path with different value: /home/antonio/.stmcufinder/plugins/mcufinder/ => /home/antonio/.stmcufinder/plugins/mcufinder
2025-07-01 23:59:52,363 [INFO] CrossReferenceDbSqlite:203 - Set database path to: /home/antonio/.stmcufinder/plugins/mcufinder//mcu/cs/
2025-07-01 23:59:52,389 [INFO] MainPanel:272 - HeapMemory: 268435456
2025-07-01 23:59:52,436 [INFO] DbMcusXml:78 - Set database path to: /home/antonio/st/stm32cubeide_1.14.0/plugins/com.st.stm32cube.common.mx_6.14.1.202504091515//db//mcu/
2025-07-01 23:59:52,436 [INFO] ApiDb:274 - Set plugin database path to: /home/antonio/st/stm32cubeide_1.14.0/plugins/com.st.stm32cube.common.mx_6.14.1.202504091515//db//plugins/boardmanager/
2025-07-01 23:59:52,436 [INFO] ApiDb:261 - Set plugin images path to: /home/antonio/st/stm32cubeide_1.14.0/plugins/com.st.stm32cube.common.mx_6.14.1.202504091515//db//plugins/mcufinder/images/
2025-07-01 23:59:52,437 [WARN] DbFile:41 - Overriding database path with different value: /home/antonio/.stmcufinder/plugins/mcufinder/ => /home/antonio/.stmcufinder/plugins/mcufinder
2025-07-01 23:59:52,437 [INFO] ApiDb:250 - Set database path to: /home/antonio/.stmcufinder/plugins/mcufinder//mcu/
2025-07-01 23:59:52,437 [WARN] DbFile:41 - Overriding database path with different value: /home/antonio/.stmcufinder/plugins/mcufinder/ => /home/antonio/.stmcufinder/plugins/mcufinder
2025-07-01 23:59:52,437 [INFO] DbMcusAds:125 - Set database path to: /home/antonio/.stmcufinder/plugins/mcufinder//mcu/
2025-07-01 23:59:52,437 [WARN] DbFile:41 - Overriding database path with different value: /home/antonio/.stmcufinder/plugins/mcufinder/ => /home/antonio/.stmcufinder/plugins/mcufinder
2025-07-01 23:59:52,437 [WARN] DbFile:41 - Overriding database path with different value: /home/antonio/.stmcufinder/plugins/mcufinder/ => /home/antonio/.stmcufinder/plugins/mcufinder
2025-07-01 23:59:52,437 [INFO] CrossReferenceDbSqlite:203 - Set database path to: /home/antonio/.stmcufinder/plugins/mcufinder//mcu/cs/
2025-07-01 23:59:52,444 [INFO] ApplicationProperties:184 - Using Application install path: /home/antonio/st/stm32cubeide_1.14.0/plugins/com.st.stm32cube.common.mx_6.14.1.202504091515
2025-07-01 23:59:52,445 [INFO] PluginManage:196 - Search for loadable plugins [exclusion list=, ]
2025-07-01 23:59:52,445 [INFO] PluginManage:310 - Check plugin analytics
2025-07-01 23:59:52,499 [INFO] AnalyticsPlugin:253 - Accepted Software Licenses: 
2025-07-01 23:59:52,499 [INFO] AnalyticsPlugin:255 - Accepted CMSIS Pack Licenses: 
2025-07-01 23:59:52,499 [INFO] AnalyticsPlugin:257 - Accepted Firmware Licenses: FW.G4.1.6.0
2025-07-01 23:59:52,500 [INFO] PluginManage:359 - Loaded plugin analytics (category:tool,tabindex:-1)
2025-07-01 23:59:52,500 [INFO] PluginManage:310 - Check plugin cadmodel
2025-07-01 23:59:52,501 [INFO] CADModel:105 - Init CAD model plugin
2025-07-01 23:59:52,502 [INFO] PluginManage:359 - Loaded plugin cadmodel (category:power,tabindex:5)
2025-07-01 23:59:52,502 [INFO] PluginManage:310 - Check plugin clock
2025-07-01 23:59:52,505 [INFO] PluginManage:359 - Loaded plugin clock (category:base,tabindex:2)
2025-07-01 23:59:52,505 [INFO] PluginManage:310 - Check plugin ddr
2025-07-01 23:59:52,505 [INFO] PluginManage:359 - Loaded plugin ddr (category:tool,tabindex:6)
2025-07-01 23:59:52,505 [INFO] PluginManage:310 - Check plugin filemanager
2025-07-01 23:59:52,564 [INFO] PluginManage:359 - Loaded plugin filemanager (category:base,tabindex:10)
2025-07-01 23:59:52,564 [INFO] PluginManage:310 - Check plugin ipmanager
2025-07-01 23:59:52,566 [INFO] PluginManage:359 - Loaded plugin ipmanager (category:base,tabindex:5)
2025-07-01 23:59:52,566 [INFO] PluginManage:310 - Check plugin lpbam
2025-07-01 23:59:52,569 [INFO] PluginManage:359 - Loaded plugin lpbam (category:base,tabindex:0)
2025-07-01 23:59:52,569 [INFO] PluginManage:310 - Check plugin memorymap
2025-07-01 23:59:52,573 [INFO] PluginManage:359 - Loaded plugin memorymap (category:base,tabindex:4)
2025-07-01 23:59:52,574 [INFO] PluginManage:310 - Check plugin pinoutandconfiguration
2025-07-01 23:59:52,576 [INFO] PluginManage:359 - Loaded plugin pinoutandconfiguration (category:base,tabindex:1)
2025-07-01 23:59:52,576 [INFO] PluginManage:310 - Check plugin pinoutconfig
2025-07-01 23:59:52,609 [WARN] SupportedApi:132 - Cannot load RTOS API schema: s4s-elt-must-match.1: The content of 'definitions' must match (annotation?, (simpleType | complexType)?, (unique | key | keyref)*)). A problem was found starting at: attribute.
2025-07-01 23:59:52,656 [INFO] PluginManage:359 - Loaded plugin pinoutconfig (category:base,tabindex:0)
2025-07-01 23:59:52,656 [INFO] PluginManage:310 - Check plugin power
2025-07-01 23:59:52,659 [INFO] PluginManage:359 - Loaded plugin power (category:power,tabindex:4)
2025-07-01 23:59:52,659 [INFO] PluginManage:310 - Check plugin projectmanager
2025-07-01 23:59:52,665 [INFO] PluginManage:359 - Loaded plugin projectmanager (category:projectmanager,tabindex:4)
2025-07-01 23:59:52,665 [INFO] PluginManage:310 - Check plugin rif
2025-07-01 23:59:52,668 [INFO] PluginManage:359 - Loaded plugin rif (category:base,tabindex:3)
2025-07-01 23:59:52,668 [INFO] PluginManage:310 - Check plugin thirdparty
2025-07-01 23:59:52,716 [INFO] PluginManage:359 - Loaded plugin thirdparty (category:base,tabindex:-1)
2025-07-01 23:59:52,716 [INFO] PluginManage:310 - Check plugin tools
2025-07-01 23:59:52,716 [WARN] IntegrityCheckThread:84 - waiting for thirdparty lock release [integrity check]
2025-07-01 23:59:52,716 [INFO] IntegrityCheckThread:86 - entering critical section [integrity check]
2025-07-01 23:59:52,717 [INFO] ThirdPartyUpdaterWithRetryManager:70 - Updater plugin not ready yet. [1/15]
2025-07-01 23:59:52,717 [INFO] PluginManage:359 - Loaded plugin tools (category:base,tabindex:7)
2025-07-01 23:59:52,717 [INFO] PluginManage:310 - Check plugin tutovideos
2025-07-01 23:59:52,783 [INFO] PluginManage:359 - Loaded plugin tutovideos (category:base,tabindex:-1)
2025-07-01 23:59:52,783 [INFO] PluginManage:310 - Check plugin updater
2025-07-01 23:59:52,793 [INFO] PluginManage:359 - Loaded plugin updater (category:base,tabindex:12)
2025-07-01 23:59:52,793 [INFO] PluginManage:310 - Check plugin userauth
2025-07-01 23:59:52,794 [INFO] UserAuth:118 - Init User Auth plugin
2025-07-01 23:59:52,795 [INFO] PluginManage:359 - Loaded plugin userauth (category:base,tabindex:14)
2025-07-01 23:59:52,795 [INFO] PluginManage:283 - PluginManage : Loaded plugins [18]
2025-07-01 23:59:52,861 [INFO] PinOutPanel:1589 - setPackage(No Configuration,No Configuration)
2025-07-01 23:59:52,890 [INFO] CADModel:165 - CPN selected for project level
2025-07-01 23:59:52,890 [INFO] CADModel:114 - Register for checkConnection events
2025-07-01 23:59:52,895 [INFO] IPUIPlugin:80 - create IPUIPlugin
2025-07-01 23:59:52,896 [INFO] PluginManager:220 - loadIPPluginJar : add mdma
2025-07-01 23:59:52,897 [INFO] IPUIPlugin:80 - create IPUIPlugin
2025-07-01 23:59:52,897 [INFO] PluginManager:220 - loadIPPluginJar : add gpio
2025-07-01 23:59:52,900 [INFO] IPUIPlugin:80 - create IPUIPlugin
2025-07-01 23:59:52,900 [INFO] PluginManager:220 - loadIPPluginJar : add cryp
2025-07-01 23:59:52,902 [INFO] IPUIPlugin:80 - create IPUIPlugin
2025-07-01 23:59:52,902 [INFO] PluginManager:220 - loadIPPluginJar : add gic
2025-07-01 23:59:52,903 [INFO] IPUIPlugin:80 - create IPUIPlugin
2025-07-01 23:59:52,903 [INFO] PluginManager:220 - loadIPPluginJar : add tim
2025-07-01 23:59:52,906 [INFO] IPUIPlugin:80 - create IPUIPlugin
2025-07-01 23:59:52,906 [INFO] PluginManager:220 - loadIPPluginJar : add linkedlist
2025-07-01 23:59:52,906 [INFO] IPUIPlugin:80 - create IPUIPlugin
2025-07-01 23:59:52,906 [INFO] PluginManager:220 - loadIPPluginJar : add tsc
2025-07-01 23:59:52,907 [INFO] IPUIPlugin:80 - create IPUIPlugin
2025-07-01 23:59:52,908 [INFO] PluginManager:220 - loadIPPluginJar : add nvic
2025-07-01 23:59:52,908 [INFO] IPUIPlugin:80 - create IPUIPlugin
2025-07-01 23:59:52,908 [INFO] PluginManager:220 - loadIPPluginJar : add spi
2025-07-01 23:59:52,909 [INFO] IPUIPlugin:80 - create IPUIPlugin
2025-07-01 23:59:52,909 [INFO] PluginManager:220 - loadIPPluginJar : add genericplugin
2025-07-01 23:59:52,912 [INFO] IPUIPlugin:80 - create IPUIPlugin
2025-07-01 23:59:52,912 [INFO] PluginManager:220 - loadIPPluginJar : add freertos
2025-07-01 23:59:52,913 [INFO] IPUIPlugin:80 - create IPUIPlugin
2025-07-01 23:59:52,913 [INFO] PluginManager:220 - loadIPPluginJar : add openamp
2025-07-01 23:59:52,914 [INFO] IPUIPlugin:80 - create IPUIPlugin
2025-07-01 23:59:52,914 [INFO] PluginManager:220 - loadIPPluginJar : add gtzc
2025-07-01 23:59:52,917 [INFO] IPUIPlugin:80 - create IPUIPlugin
2025-07-01 23:59:52,917 [INFO] PluginManager:220 - loadIPPluginJar : add dma
2025-07-01 23:59:52,917 [INFO] IPUIPlugin:80 - create IPUIPlugin
2025-07-01 23:59:52,917 [INFO] PluginManager:220 - loadIPPluginJar : add fatfs
2025-07-01 23:59:52,918 [INFO] IPUIPlugin:80 - create IPUIPlugin
2025-07-01 23:59:52,918 [INFO] PluginManager:220 - loadIPPluginJar : add can
2025-07-01 23:59:52,920 [INFO] IPUIPlugin:80 - create IPUIPlugin
2025-07-01 23:59:52,920 [INFO] PluginManager:220 - loadIPPluginJar : add opamp
2025-07-01 23:59:52,920 [INFO] IPUIPlugin:80 - create IPUIPlugin
2025-07-01 23:59:52,920 [INFO] PluginManager:220 - loadIPPluginJar : add quadspi
2025-07-01 23:59:52,921 [INFO] IPUIPlugin:80 - create IPUIPlugin
2025-07-01 23:59:52,921 [INFO] PluginManager:220 - loadIPPluginJar : add dma3
2025-07-01 23:59:52,921 [INFO] IPUIPlugin:80 - create IPUIPlugin
2025-07-01 23:59:52,921 [INFO] PluginManager:220 - loadIPPluginJar : add ucpd
2025-07-01 23:59:52,923 [INFO] IPUIPlugin:80 - create IPUIPlugin
2025-07-01 23:59:52,925 [INFO] PluginManager:220 - loadIPPluginJar : add plateformsettings
2025-07-01 23:59:52,925 [INFO] IPUIPlugin:80 - create IPUIPlugin
2025-07-01 23:59:52,926 [INFO] PluginManager:220 - loadIPPluginJar : add usbx
2025-07-01 23:59:52,927 [INFO] IPUIPlugin:80 - create IPUIPlugin
2025-07-01 23:59:52,927 [INFO] PluginManager:220 - loadIPPluginJar : add resmgrutility
2025-07-01 23:59:52,927 [INFO] IPUIPlugin:80 - create IPUIPlugin
2025-07-01 23:59:52,927 [INFO] PluginManager:220 - loadIPPluginJar : add dfsdm
2025-07-01 23:59:52,928 [INFO] IPUIPlugin:80 - create IPUIPlugin
2025-07-01 23:59:52,928 [INFO] PluginManager:220 - loadIPPluginJar : add aes
2025-07-01 23:59:52,929 [INFO] IPUIPlugin:80 - create IPUIPlugin
2025-07-01 23:59:52,929 [INFO] PluginManager:220 - loadIPPluginJar : add hash
2025-07-01 23:59:52,930 [INFO] IPUIPlugin:80 - create IPUIPlugin
2025-07-01 23:59:52,930 [INFO] PluginManager:220 - loadIPPluginJar : add ts
2025-07-01 23:59:52,931 [INFO] IPUIPlugin:80 - create IPUIPlugin
2025-07-01 23:59:52,931 [INFO] PluginManager:220 - loadIPPluginJar : add ipddr
2025-07-01 23:59:52,932 [INFO] IPUIPlugin:80 - create IPUIPlugin
2025-07-01 23:59:52,932 [INFO] PluginManager:220 - loadIPPluginJar : add usart
2025-07-01 23:59:52,932 [INFO] IPUIPlugin:80 - create IPUIPlugin
2025-07-01 23:59:52,932 [INFO] PluginManager:220 - loadIPPluginJar : add radio
2025-07-01 23:59:52,933 [INFO] IPUIPlugin:80 - create IPUIPlugin
2025-07-01 23:59:52,933 [INFO] PluginManager:220 - loadIPPluginJar : add gfxmmu
2025-07-01 23:59:52,936 [INFO] IPUIPlugin:80 - create IPUIPlugin
2025-07-01 23:59:52,936 [INFO] PluginManager:220 - loadIPPluginJar : add adc
2025-07-01 23:59:52,936 [INFO] IPUIPlugin:80 - create IPUIPlugin
2025-07-01 23:59:52,936 [INFO] PluginManager:220 - loadIPPluginJar : add comp
2025-07-01 23:59:52,939 [INFO] IPUIPlugin:80 - create IPUIPlugin
2025-07-01 23:59:52,939 [INFO] PluginManager:220 - loadIPPluginJar : add stm32_wpan
2025-07-01 23:59:52,940 [INFO] IPUIPlugin:80 - create IPUIPlugin
2025-07-01 23:59:52,940 [INFO] PluginManager:220 - loadIPPluginJar : add sai
2025-07-01 23:59:52,941 [INFO] IPUIPlugin:80 - create IPUIPlugin
2025-07-01 23:59:52,941 [INFO] PluginManager:220 - loadIPPluginJar : add lorawan
2025-07-01 23:59:52,941 [INFO] IPUIPlugin:80 - create IPUIPlugin
2025-07-01 23:59:52,942 [INFO] PluginManager:220 - loadIPPluginJar : add i3c
2025-07-01 23:59:52,942 [INFO] IPUIPlugin:80 - create IPUIPlugin
2025-07-01 23:59:52,942 [INFO] PluginManager:220 - loadIPPluginJar : add extmemmanager
2025-07-01 23:59:52,943 [INFO] IPUIPlugin:80 - create IPUIPlugin
2025-07-01 23:59:52,943 [INFO] PluginManager:220 - loadIPPluginJar : add ddr_ctrl_phy
2025-07-01 23:59:52,944 [INFO] IPUIPlugin:80 - create IPUIPlugin
2025-07-01 23:59:52,944 [INFO] PluginManager:220 - loadIPPluginJar : add i2s
2025-07-01 23:59:52,945 [INFO] IPUIPlugin:80 - create IPUIPlugin
2025-07-01 23:59:52,945 [INFO] PluginManager:220 - loadIPPluginJar : add pdm2pcm
2025-07-01 23:59:52,945 [INFO] IPUIPlugin:80 - create IPUIPlugin
2025-07-01 23:59:52,945 [INFO] PluginManager:220 - loadIPPluginJar : add ltdc
2025-07-01 23:59:52,946 [INFO] IPUIPlugin:80 - create IPUIPlugin
2025-07-01 23:59:52,946 [INFO] PluginManager:220 - loadIPPluginJar : add tracer_emb
2025-07-01 23:59:52,947 [INFO] IPUIPlugin:80 - create IPUIPlugin
2025-07-01 23:59:52,947 [INFO] PluginManager:220 - loadIPPluginJar : add i2c
2025-07-01 23:59:52,948 [INFO] IPUIPlugin:80 - create IPUIPlugin
2025-07-01 23:59:52,948 [INFO] PluginManager:220 - loadIPPluginJar : add touchsensing
2025-07-01 23:59:52,950 [INFO] IPUIPlugin:80 - create IPUIPlugin
2025-07-01 23:59:52,950 [INFO] PluginManager:220 - loadIPPluginJar : add fmc
2025-07-01 23:59:53,035 [FATAL] Updater:351 - Updater called before beeing initialized
2025-07-01 23:59:53,045 [INFO] RulesReader:64 - Compatibility file has been processed (302 Rules)
2025-07-01 23:59:53,050 [INFO] RulesReader:64 - Compatibility file has been processed (302 Rules)
2025-07-01 23:59:53,053 [INFO] CADModel:165 - CPN selected for project level
2025-07-01 23:59:53,053 [INFO] CADModel:114 - Register for checkConnection events
2025-07-01 23:59:53,053 [FATAL] Updater:351 - Updater called before beeing initialized
2025-07-01 23:59:53,053 [ERROR] CADModel:125 - Updater not yet initialized, retry later 
2025-07-01 23:59:53,105 [FATAL] Updater:351 - Updater called before beeing initialized
2025-07-01 23:59:53,106 [INFO] CADModel:165 - CPN selected for project level
2025-07-01 23:59:53,106 [INFO] CADModel:114 - Register for checkConnection events
2025-07-01 23:59:53,106 [FATAL] Updater:351 - Updater called before beeing initialized
2025-07-01 23:59:53,106 [ERROR] CADModel:125 - Updater not yet initialized, retry later 
2025-07-01 23:59:53,108 [FATAL] Updater:351 - Updater called before beeing initialized
2025-07-01 23:59:53,141 [FATAL] Updater:351 - Updater called before beeing initialized
2025-07-01 23:59:53,143 [INFO] DbMcusAds:53 - JSON generation date=Thu Jun 19 03:32:34 CDT 2025 (1750321954388)
2025-07-01 23:59:53,143 [FATAL] Updater:351 - Updater called before beeing initialized
2025-07-01 23:59:53,158 [WARN] DetailPanel:346 - Failed to get advertising image, set to default
2025-07-01 23:59:53,286 [FATAL] Updater:351 - Updater called before beeing initialized
2025-07-01 23:59:53,287 [FATAL] Updater:351 - Updater called before beeing initialized
2025-07-01 23:59:53,287 [FATAL] Updater:351 - Updater called before beeing initialized
2025-07-01 23:59:53,288 [WARN] DetailPanel:346 - Failed to get advertising image, set to default
2025-07-01 23:59:53,288 [FATAL] Updater:351 - Updater called before beeing initialized
2025-07-01 23:59:53,300 [ERROR] Updater:1198 - MainUpdater not yet initialized. External WinMGr cannot be set.
2025-07-01 23:59:53,301 [INFO] Updater:1134 - Updater Version found : 6.14.1
2025-07-01 23:59:53,309 [INFO] ApplicationProperties:184 - Using Application install path: /home/antonio/st/stm32cubeide_1.14.0/plugins/com.st.stm32cube.common.mx_6.14.1.202504091515
2025-07-01 23:59:53,409 [INFO] MainUpdater:2872 - connection check result : 10
2025-07-01 23:59:53,410 [INFO] MainUpdater:289 - Updater Check For Update Now.
2025-07-01 23:59:53,410 [INFO] MicroXplorer:498 - Change Database Version : DB.6.0.141
2025-07-01 23:59:53,411 [INFO] McuFinderGlobals:63 - Set McuFinder mode to 2 (CubeIDE integrated)
2025-07-01 23:59:53,412 [INFO] UserAuth:484 - Internet connection configuration mode: 1
2025-07-01 23:59:53,417 [INFO] JxBrowserEngine:152 - Initiate JxBrowser Engine with user profile folder
2025-07-01 23:59:53,550 [INFO] CheckServerUpdateThread:120 - End of CheckServer Thread
2025-07-01 23:59:53,704 [INFO] WebApp:169 - Instantiating new browser for Auth
2025-07-01 23:59:54,011 [INFO] WebApp:463 - Apply proxy settings
2025-07-01 23:59:54,012 [INFO] WebApp:548 - Chromium requires no authentication
2025-07-01 23:59:54,015 [INFO] WebApp:491 - Direct internet connection detected
2025-07-01 23:59:54,022 [INFO] WebApp:894 - Register for checkConnection events
2025-07-01 23:59:54,022 [INFO] WebApp:463 - Apply proxy settings
2025-07-01 23:59:54,022 [INFO] WebApp:548 - Chromium requires no authentication
2025-07-01 23:59:54,023 [INFO] WebApp:491 - Direct internet connection detected
2025-07-01 23:59:54,075 [INFO] WebApp:225 - Starting web application
2025-07-01 23:59:54,075 [INFO] WebApp:593 - Web application path used /home/antonio/st/stm32cubeide_1.14.0/plugins/com.st.stm32cube.common.mx_6.14.1.202504091515/db/plugins/mcufinder/reactClient1/index.html
2025-07-01 23:59:54,117 [INFO] UserAuth:484 - Internet connection configuration mode: 1
2025-07-01 23:59:54,198 [INFO] WebApp:191 - Connection restablished
2025-07-01 23:59:55,759 [WARN] PackLoader:240 - Cannot read IP mode file for STMicroelectronics.FP-SNS-MOTENVWB1.1.4.0
2025-07-01 23:59:55,762 [WARN] PackLoader:240 - Cannot read IP mode file for STMicroelectronics.FP-ATR-ASTRA1.2.0.2
2025-07-01 23:59:55,765 [WARN] PackLoader:240 - Cannot read IP mode file for STMicroelectronics.X-CUBE-SMBUS.2.1.0
2025-07-01 23:59:55,766 [WARN] PackLoader:240 - Cannot read IP mode file for STMicroelectronics.X-CUBE-ST60.1.0.0
2025-07-01 23:59:55,768 [WARN] PackLoader:240 - Cannot read IP mode file for STMicroelectronics.X-CUBE-TOUCHGFX.4.23.2
2025-07-01 23:59:55,778 [WARN] PackLoader:240 - Cannot read IP mode file for STMicroelectronics.X-CUBE-AZRTOS-F7.1.1.0
2025-07-01 23:59:55,783 [WARN] PackLoader:240 - Cannot read IP mode file for STMicroelectronics.FP-SNS-MOTENV1.4.3.2
2025-07-01 23:59:55,785 [WARN] PackLoader:240 - Cannot read IP mode file for STMicroelectronics.FP-SNS-FLIGHT1.5.0.2
2025-07-01 23:59:55,788 [WARN] PackLoader:240 - Cannot read IP mode file for STMicroelectronics.X-CUBE-DISPLAY.3.0.0
2025-07-01 23:59:55,792 [WARN] PackLoader:240 - Cannot read IP mode file for STMicroelectronics.X-CUBE-BLE1.7.0.0
2025-07-01 23:59:55,795 [WARN] PackLoader:240 - Cannot read IP mode file for STMicroelectronics.X-CUBE-NFC10.1.0.0
2025-07-01 23:59:55,799 [WARN] PackLoader:240 - Cannot read IP mode file for STMicroelectronics.X-CUBE-BLEMGR.4.0.0
2025-07-01 23:59:55,803 [WARN] PackLoader:240 - Cannot read IP mode file for emotas.I-CUBE-CANOPEN.1.3.0
2025-07-01 23:59:55,804 [WARN] ConditionMgr:438 - getConditionDescription Invalid condition id : Cortex-A Device cause : null
2025-07-01 23:59:55,809 [WARN] ConditionMgr:1044 - genDependencies : Invalid condition id : Cortex-A Device cause : null
2025-07-01 23:59:55,809 [WARN] ConditionMgr:1044 - genDependencies : Invalid condition id : Cortex-A Device cause : null
2025-07-01 23:59:55,809 [WARN] ConditionMgr:1044 - genDependencies : Invalid condition id : Cortex-A Device cause : null
2025-07-01 23:59:55,812 [WARN] PackLoader:240 - Cannot read IP mode file for STMicroelectronics.X-CUBE-BLEMGR.3.1.0
2025-07-01 23:59:55,815 [WARN] PackLoader:240 - Cannot read IP mode file for STMicroelectronics.FP-SNS-SMARTAG2.1.2.0
2025-07-01 23:59:55,817 [WARN] PackLoader:240 - Cannot read IP mode file for STMicroelectronics.FP-SNS-FLIGHT1.5.1.0
2025-07-01 23:59:55,820 [INFO] LogOutputStream:77 - [STDOUT_REDIRECT] 1 : Invalid condition id : UX_CORESTACK_Condition cause : null
2025-07-01 23:59:55,820 [INFO] LogOutputStream:77 - [STDOUT_REDIRECT] 1 : Invalid condition id : UX_CORESTACK_Condition cause : null
2025-07-01 23:59:55,821 [INFO] LogOutputStream:77 - [STDOUT_REDIRECT] 1 : Invalid condition id : UX_CORESTACK_Condition cause : null
2025-07-01 23:59:55,821 [INFO] LogOutputStream:77 - [STDOUT_REDIRECT] 1 : Invalid condition id : UX_CORESTACK_Condition cause : null
2025-07-01 23:59:55,821 [INFO] LogOutputStream:77 - [STDOUT_REDIRECT] 1 : Invalid condition id : UX_CORESTACK_Condition cause : null
2025-07-01 23:59:55,823 [WARN] PackLoader:240 - Cannot read IP mode file for STMicroelectronics.X-CUBE-AZRTOS-WL.2.0.0
2025-07-01 23:59:55,825 [WARN] PackLoader:240 - Cannot read IP mode file for STMicroelectronics.FP-SNS-MOTENV1.5.0.0
2025-07-01 23:59:55,828 [WARN] PackLoader:240 - Cannot read IP mode file for WES.I-CUBE-Cesium.1.3.0
2025-07-01 23:59:55,829 [WARN] PackLoader:240 - Cannot read IP mode file for STMicroelectronics.X-CUBE-BLE2.3.3.0
2025-07-01 23:59:55,831 [WARN] PackLoader:240 - Cannot read IP mode file for STMicroelectronics.X-CUBE-NFC9.1.0.0
2025-07-01 23:59:55,833 [WARN] PackLoader:240 - Cannot read IP mode file for STMicroelectronics.X-CUBE-BLE1.7.1.0
2025-07-01 23:59:55,834 [WARN] PackLoader:240 - Cannot read IP mode file for wolfSSL.I-CUBE-wolfMQTT.1.19.2
2025-07-01 23:59:55,835 [WARN] PackLoader:240 - Cannot read IP mode file for STMicroelectronics.X-CUBE-AI.10.1.0
2025-07-01 23:59:55,836 [WARN] PackLoader:240 - Cannot read IP mode file for STMicroelectronics.X-CUBE-ALGOBUILD.1.3.0
2025-07-01 23:59:55,843 [WARN] PackLoader:240 - Cannot read IP mode file for STMicroelectronics.X-CUBE-AZRTOS-G0.1.1.0
2025-07-01 23:59:55,847 [WARN] PackLoader:240 - Cannot read IP mode file for STMicroelectronics.X-CUBE-SAFEA1.1.2.2
2025-07-01 23:59:55,849 [WARN] PackLoader:240 - Cannot read IP mode file for STMicroelectronics.X-CUBE-NFC4.3.0.0
2025-07-01 23:59:55,852 [WARN] PackLoader:240 - Cannot read IP mode file for EmbeddedOffice.I-CUBE-FS-RTOS.1.0.1
2025-07-01 23:59:55,854 [WARN] PackLoader:240 - Cannot read IP mode file for STMicroelectronics.X-CUBE-WB05N.2.0.0
2025-07-01 23:59:55,857 [WARN] PackLoader:240 - Cannot read IP mode file for STMicroelectronics.X-CUBE-BLEMGR.3.0.0
2025-07-01 23:59:55,860 [WARN] PackLoader:240 - Cannot read IP mode file for wolfSSL.I-CUBE-wolfTPM.3.8.0
2025-07-01 23:59:55,862 [WARN] PackLoader:240 - Cannot read IP mode file for STMicroelectronics.X-CUBE-TCPP.4.2.0
2025-07-01 23:59:55,865 [WARN] PackLoader:240 - Cannot read IP mode file for RealThread.X-CUBE-RT-Thread_Nano.4.1.1
2025-07-01 23:59:55,867 [WARN] PackLoader:240 - Cannot read IP mode file for wolfSSL.I-CUBE-wolfSSL.5.7.0
2025-07-01 23:59:55,868 [WARN] PackLoader:240 - Cannot read IP mode file for STMicroelectronics.FP-ATR-SIGFOX1.3.2.0
2025-07-01 23:59:55,870 [WARN] PackLoader:240 - Cannot read IP mode file for ITTIA_DB.I-CUBE-ITTIADB.8.9.0
2025-07-01 23:59:55,872 [WARN] PackLoader:240 - Cannot read IP mode file for STMicroelectronics.X-CUBE-ST67W61.1.0.0
2025-07-01 23:59:55,882 [WARN] PackLoader:240 - Cannot read IP mode file for SEGGER.I-CUBE-embOS.1.3.1
2025-07-01 23:59:55,896 [WARN] PackLoader:240 - Cannot read IP mode file for STMicroelectronics.X-CUBE-ALGOBUILD.1.4.0
2025-07-01 23:59:55,920 [WARN] PackLoader:240 - Cannot read IP mode file for STMicroelectronics.X-CUBE-MEMS1.11.3.0
2025-07-01 23:59:55,959 [WARN] PackLoader:240 - Cannot read IP mode file for STMicroelectronics.X-CUBE-PM33A1.1.0.0
2025-07-01 23:59:55,960 [WARN] PackLoader:240 - Cannot read IP mode file for STMicroelectronics.X-CUBE-GNSS1.6.0.0
2025-07-01 23:59:55,965 [WARN] PackLoader:240 - Cannot read IP mode file for STMicroelectronics.X-CUBE-AZRTOS-F4.1.1.0
2025-07-01 23:59:55,968 [WARN] PackLoader:240 - Cannot read IP mode file for Avnet-IotConnect.X-CUBE-IoTC-DA16k-PMOD.1.0.0
2025-07-01 23:59:55,970 [WARN] PackLoader:240 - Cannot read IP mode file for STMicroelectronics.X-CUBE-ISPU.2.1.0
2025-07-01 23:59:55,976 [WARN] PackLoader:240 - Cannot read IP mode file for STMicroelectronics.X-CUBE-AZRTOS-L5.2.0.0
2025-07-01 23:59:55,979 [WARN] PackLoader:240 - Cannot read IP mode file for STMicroelectronics.X-CUBE-NFC6.3.1.0
2025-07-01 23:59:55,981 [WARN] PackLoader:240 - Cannot read IP mode file for STMicroelectronics.X-CUBE-FREERTOS.1.3.1
2025-07-01 23:59:55,983 [WARN] PackLoader:240 - Cannot read IP mode file for STMicroelectronics.X-CUBE-NFC7.1.0.1
2025-07-01 23:59:55,990 [WARN] PackLoader:240 - Cannot read IP mode file for STMicroelectronics.X-CUBE-NFC6.3.0.0
2025-07-01 23:59:55,994 [WARN] PackLoader:240 - Cannot read IP mode file for STMicroelectronics.FP-SNS-STAIOTCFT.1.0.0
2025-07-01 23:59:55,996 [WARN] PackLoader:240 - Cannot read IP mode file for STMicroelectronics.X-CUBE-DPower.1.3.0
2025-07-01 23:59:55,998 [WARN] PackLoader:240 - Cannot read IP mode file for STMicroelectronics.X-CUBE-AI.8.1.0
2025-07-01 23:59:56,003 [WARN] ConditionMgr:438 - getConditionDescription Invalid condition id : LAN8742 Phy interface Condition cause : null
2025-07-01 23:59:56,004 [WARN] PackLoader:240 - Cannot read IP mode file for STMicroelectronics.X-CUBE-AZRTOS-L4.2.0.0
2025-07-01 23:59:56,004 [WARN] ConditionMgr:1044 - genDependencies : Invalid condition id : LAN8742 Phy interface Condition cause : null
2025-07-01 23:59:56,004 [WARN] ConditionMgr:1044 - genDependencies : Invalid condition id : LAN8742 Phy interface Condition cause : null
2025-07-01 23:59:56,005 [WARN] ConditionMgr:1044 - genDependencies : Invalid condition id : LAN8742 Phy interface Condition cause : null
2025-07-01 23:59:56,008 [WARN] PackLoader:240 - Cannot read IP mode file for STMicroelectronics.X-CUBE-SFXS2LP1.4.0.0
2025-07-01 23:59:56,018 [WARN] PackLoader:240 - Cannot read IP mode file for STMicroelectronics.X-CUBE-AZRTOS-H7.3.3.0
2025-07-01 23:59:56,036 [WARN] ConditionMgr:438 - getConditionDescription Invalid condition id : UX DEVICE CLASS RTOS Condition cause : null
2025-07-01 23:59:56,037 [WARN] ConditionMgr:438 - getConditionDescription Invalid condition id : UX DEVICE CLASS RTOS Condition cause : null
2025-07-01 23:59:56,039 [WARN] PackLoader:240 - Cannot read IP mode file for STMicroelectronics.X-CUBE-AZRTOS-WB.2.0.0
2025-07-01 23:59:56,039 [WARN] ConditionMgr:1044 - genDependencies : Invalid condition id : UX DEVICE CLASS RTOS Condition cause : null
2025-07-01 23:59:56,039 [WARN] ConditionMgr:1044 - genDependencies : Invalid condition id : UX DEVICE CLASS RTOS Condition cause : null
2025-07-01 23:59:56,040 [WARN] ConditionMgr:1044 - genDependencies : Invalid condition id : UX DEVICE CLASS RTOS Condition cause : null
2025-07-01 23:59:56,040 [WARN] ConditionMgr:1044 - genDependencies : Invalid condition id : UX DEVICE CLASS RTOS Condition cause : null
2025-07-01 23:59:56,040 [WARN] ConditionMgr:1044 - genDependencies : Invalid condition id : UX DEVICE CLASS RTOS Condition cause : null
2025-07-01 23:59:56,044 [WARN] PackLoader:240 - Cannot read IP mode file for STMicroelectronics.X-CUBE-GNSS1.7.0.1
2025-07-01 23:59:56,046 [WARN] PackLoader:240 - Cannot read IP mode file for STMicroelectronics.X-CUBE-TOUCHGFX.4.25.0
2025-07-01 23:59:56,049 [WARN] PackLoader:240 - Cannot read IP mode file for STMicroelectronics.FP-SNS-STBOX1.2.0.0
2025-07-01 23:59:56,056 [WARN] PackLoader:240 - Cannot read IP mode file for STMicroelectronics.X-CUBE-SUBG2.5.0.0
2025-07-01 23:59:56,069 [WARN] PackLoader:240 - Cannot read IP mode file for STMicroelectronics.X-CUBE-AZRTOS-H7RS.1.1.0
2025-07-01 23:59:56,072 [WARN] PackLoader:240 - Cannot read IP mode file for Cesanta.I-CUBE-Mongoose.7.13.0
2025-07-01 23:59:56,079 [WARN] PackLoader:240 - Cannot read IP mode file for STMicroelectronics.X-CUBE-AZRTOS-G4.2.0.0
2025-07-01 23:59:56,081 [WARN] PackLoader:240 - Cannot read IP mode file for wolfSSL.I-CUBE-wolfSSH.1.4.20
2025-07-01 23:59:56,083 [WARN] PackLoader:240 - Cannot read IP mode file for STMicroelectronics.X-CUBE-NFC7.2.0.0
2025-07-01 23:59:56,085 [WARN] PackLoader:240 - Cannot read IP mode file for STMicroelectronics.FP-SNS-MOTENVWB1.1.3.1
2025-07-01 23:59:56,086 [WARN] PackLoader:240 - Cannot read IP mode file for STMicroelectronics.X-CUBE-ISPU.2.0.0
2025-07-01 23:59:56,090 [WARN] PackLoader:240 - Cannot read IP mode file for STMicroelectronics.X-CUBE-IPS.3.1.0
2025-07-01 23:59:56,094 [WARN] PackLoader:240 - Cannot read IP mode file for STMicroelectronics.X-CUBE-ALS.1.0.2
2025-07-01 23:59:56,109 [WARN] PackLoader:240 - Cannot read IP mode file for STMicroelectronics.X-CUBE-MEMS1.10.0.0
2025-07-01 23:59:56,143 [WARN] PackLoader:240 - Cannot read IP mode file for STMicroelectronics.X-CUBE-FREERTOS.1.1.0
2025-07-01 23:59:56,145 [WARN] PackLoader:240 - Cannot read IP mode file for portGmbH.I-Cube-SoM-uGOAL.1.1.0
2025-07-01 23:59:56,146 [WARN] PackLoader:240 - Cannot read IP mode file for STMicroelectronics.X-CUBE-ALS.1.0.1
2025-07-01 23:59:56,148 [WARN] PackLoader:240 - Cannot read IP mode file for STMicroelectronics.FP-ATR-ASTRA1.2.0.0
2025-07-01 23:59:56,150 [WARN] PackLoader:240 - Cannot read IP mode file for STMicroelectronics.X-CUBE-TOF1.3.4.3
2025-07-01 23:59:56,156 [WARN] PackLoader:240 - Cannot read IP mode file for STMicroelectronics.X-CUBE-TOF1.3.4.1
2025-07-01 23:59:56,165 [WARN] PackLoader:240 - Cannot read IP mode file for STMicroelectronics.X-CUBE-AZRTOS-H7.3.2.0
2025-07-01 23:59:56,170 [WARN] PackLoader:240 - Cannot read IP mode file for Infineon.AIROC-Wi-Fi-Bluetooth-STM32.1.6.0
2025-07-01 23:59:56,171 [INFO] ThirdParty:978 - Integrity check success = true
2025-07-01 23:59:56,171 [INFO] IntegrityCheckThread:100 - exiting critical section [integrity check]
2025-07-01 23:59:56,171 [INFO] IntegrityCheckThread:103 - End integrity checks thread
